Using pre-set license

 COMMAND LINE ARGUMENTS:
/Applications/Unity/Hub/Editor/2020.2.2f1/Unity.app/Contents/MacOS/Unity
-adb2
-batchMode
-noUpm
-name
AssetImportWorker0
-projectPath
/Users/home/Desktop/Spring-21/CST-326/GitHub/CST326/CrossyShooting
-logFile
Logs/AssetImportWorker0.log
-srvPort
53589
Successfully changed project path to: /Users/home/Desktop/Spring-21/CST-326/GitHub/CST326/CrossyShooting
/Users/home/Desktop/Spring-21/CST-326/GitHub/CST326/CrossyShooting
Using Asset Import Pipeline V2.
Refreshing native plugins compatible for Editor in 48.10 ms, found 1 plugins.
Preloading 0 native plugins for Editor in 0.00 ms.
Initialize engine version: 2020.2.2f1 (068178b99f32)
[Subsystems] Discovering subsystems at path /Applications/Unity/Hub/Editor/2020.2.2f1/Unity.app/Contents/Resources/UnitySubsystems
[Subsystems] Discovering subsystems at path /Users/home/Desktop/Spring-21/CST-326/GitHub/CST326/CrossyShooting/Assets
GfxDevice: creating device client; threaded=0
2021-04-15 22:51:06.863 Unity[26476:11760352] Color LCD preferred device: Intel(R) Iris(TM) Plus Graphics 640 (low power)
2021-04-15 22:51:06.863 Unity[26476:11760352] Metal devices available: 1
2021-04-15 22:51:06.863 Unity[26476:11760352] 0: Intel(R) Iris(TM) Plus Graphics 640 (low power)
2021-04-15 22:51:06.864 Unity[26476:11760352] Using device Intel(R) Iris(TM) Plus Graphics 640 (low power)
Initializing Metal device caps: Intel(R) Iris(TM) Plus Graphics 640
Initialize mono
Mono path[0] = '/Applications/Unity/Hub/Editor/2020.2.2f1/Unity.app/Contents/Managed'
Mono path[1] = '/Applications/Unity/Hub/Editor/2020.2.2f1/Unity.app/Contents/MonoBleedingEdge/lib/mono/unityjit'
Mono config path = '/Applications/Unity/Hub/Editor/2020.2.2f1/Unity.app/Contents/MonoBleedingEdge/etc'
Using monoOptions --debugger-agent=transport=dt_socket,embedding=1,server=y,suspend=n,address=127.0.0.1:56476
Begin MonoManager ReloadAssembly
Registering precompiled unity dll's ...
Register platform support module: /Applications/Unity/Hub/Editor/2020.2.2f1/PlaybackEngines/WebGLSupport/UnityEditor.WebGL.Extensions.dll
Register platform support module: /Applications/Unity/Hub/Editor/2020.2.2f1/Unity.app/Contents/PlaybackEngines/MacStandaloneSupport/UnityEditor.OSXStandalone.Extensions.dll
Register platform support module: /Applications/Unity/Hub/Editor/2020.2.2f1/PlaybackEngines/WindowsStandaloneSupport/UnityEditor.WindowsStandalone.Extensions.dll
Registered in 0.000923 seconds.
Native extension for WindowsStandalone target not found
Native extension for OSXStandalone target not found
Native extension for WebGL target not found
Refreshing native plugins compatible for Editor in 73.68 ms, found 1 plugins.
Preloading 0 native plugins for Editor in 0.00 ms.
Invoked RoslynAnalysisRunner static constructor.
RoslynAnalysisRunner will not be running.
RoslynAnalysisRunner has terminated.
Mono: successfully reloaded assembly
- Completed reload, in  8.651 seconds
Platform modules already initialized, skipping
Registering precompiled user dll's ...
Registered in 0.000791 seconds.
Begin MonoManager ReloadAssembly
Native extension for WindowsStandalone target not found
Native extension for OSXStandalone target not found
Native extension for WebGL target not found
Refreshing native plugins compatible for Editor in 68.07 ms, found 1 plugins.
Preloading 0 native plugins for Editor in 0.00 ms.
Invoked RoslynAnalysisRunner static constructor.
RoslynAnalysisRunner will not be running.
RoslynAnalysisRunner has terminated.
Mono: successfully reloaded assembly
- Completed reload, in  1.651 seconds
Platform modules already initialized, skipping
========================================================================
Worker process is ready to serve import requests
Shader 'Universal Render Pipeline/Particles/Lit': fallback shader 'Universal Render Pipeline/Particles/SimpleLit' not found
Shader 'Universal Render Pipeline/Particles/Lit': fallback shader 'Universal Render Pipeline/Particles/SimpleLit' not found
Launching external process: /Applications/Unity/Hub/Editor/2020.2.2f1/Unity.app/Contents/Tools/UnityShaderCompiler
Launched and connected shader compiler UnityShaderCompiler after 0.03 seconds
Refreshing native plugins compatible for Editor in 0.90 ms, found 1 plugins.
Preloading 0 native plugins for Editor in 0.00 ms.
Unloading 2351 Unused Serialized files (Serialized files now loaded: 0)
System memory in use before: 173.4 MB.
System memory in use after: 170.2 MB.

Unloading 63 unused Assets to reduce memory usage. Loaded Objects now: 2741.
Total: 5.871660 ms (FindLiveObjects: 0.398136 ms CreateObjectMapping: 0.418765 ms MarkObjects: 2.855933 ms  DeleteObjects: 2.197141 ms)

========================================================================
Received Import Request.
  path: Assets/PreFabs/Projectile.prefab
  artifactKey: Guid(63b039b8d4e5c437baeab8b0118757a0) Importer(815301076,1909f56bfc062723c751e8b465ee728b)
Start importing Assets/PreFabs/Projectile.prefab using Guid(63b039b8d4e5c437baeab8b0118757a0) Importer(815301076,1909f56bfc062723c751e8b465ee728b)  -> (artifact id: '1d30bdbb3ae23792963d79e3748be24e') in 2.044580 seconds
  Import took 2.049481 seconds .

========================================================================
Received Prepare
Registering precompiled user dll's ...
Registered in 0.000844 seconds.
Begin MonoManager ReloadAssembly
Native extension for WindowsStandalone target not found
Native extension for OSXStandalone target not found
Native extension for WebGL target not found
Refreshing native plugins compatible for Editor in 0.44 ms, found 1 plugins.
Preloading 0 native plugins for Editor in 0.00 ms.
Invoked RoslynAnalysisRunner static constructor.
RoslynAnalysisRunner will not be running.
RoslynAnalysisRunner has terminated.
Mono: successfully reloaded assembly
- Completed reload, in  1.069 seconds
Platform modules already initialized, skipping
Shader 'Universal Render Pipeline/Particles/Lit': fallback shader 'Universal Render Pipeline/Particles/SimpleLit' not found
Shader 'Universal Render Pipeline/Particles/Lit': fallback shader 'Universal Render Pipeline/Particles/SimpleLit' not found
Refreshing native plugins compatible for Editor in 0.44 ms, found 1 plugins.
Preloading 0 native plugins for Editor in 0.00 ms.
Unloading 2343 Unused Serialized files (Serialized files now loaded: 0)
System memory in use before: 181.8 MB.
System memory in use after: 178.7 MB.

Unloading 59 unused Assets to reduce memory usage. Loaded Objects now: 2751.
Total: 6.138278 ms (FindLiveObjects: 0.616032 ms CreateObjectMapping: 0.235012 ms MarkObjects: 2.688515 ms  DeleteObjects: 2.596232 ms)

========================================================================
Received Import Request.
  Time since last request: 65.983532 seconds.
  path: Assets/PreFabs/Projectile.prefab
  artifactKey: Guid(63b039b8d4e5c437baeab8b0118757a0) Importer(815301076,1909f56bfc062723c751e8b465ee728b)
Start importing Assets/PreFabs/Projectile.prefab using Guid(63b039b8d4e5c437baeab8b0118757a0) Importer(815301076,1909f56bfc062723c751e8b465ee728b)  -> (artifact id: '46ab458b59a9090f1981eff41a7480a8') in 0.075241 seconds
  Import took 0.080191 seconds .

========================================================================
Received Prepare
Registering precompiled user dll's ...
Registered in 0.004235 seconds.
Begin MonoManager ReloadAssembly
Native extension for WindowsStandalone target not found
Native extension for OSXStandalone target not found
Native extension for WebGL target not found
Refreshing native plugins compatible for Editor in 0.42 ms, found 1 plugins.
Preloading 0 native plugins for Editor in 0.00 ms.
Invoked RoslynAnalysisRunner static constructor.
RoslynAnalysisRunner will not be running.
RoslynAnalysisRunner has terminated.
Mono: successfully reloaded assembly
- Completed reload, in  1.170 seconds
Platform modules already initialized, skipping
Shader 'Universal Render Pipeline/Particles/Lit': fallback shader 'Universal Render Pipeline/Particles/SimpleLit' not found
Shader 'Universal Render Pipeline/Particles/Lit': fallback shader 'Universal Render Pipeline/Particles/SimpleLit' not found
Refreshing native plugins compatible for Editor in 0.44 ms, found 1 plugins.
Preloading 0 native plugins for Editor in 0.00 ms.
Unloading 2343 Unused Serialized files (Serialized files now loaded: 0)
System memory in use before: 182.7 MB.
System memory in use after: 179.6 MB.

Unloading 59 unused Assets to reduce memory usage. Loaded Objects now: 2754.
Total: 6.016226 ms (FindLiveObjects: 0.563150 ms CreateObjectMapping: 0.206078 ms MarkObjects: 2.520789 ms  DeleteObjects: 2.708862 ms)

========================================================================
Received Import Request.
  Time since last request: 171.710974 seconds.
  path: Assets/PreFabs/Player.prefab
  artifactKey: Guid(41c66d04b1da04acc90031f812a83727) Importer(815301076,1909f56bfc062723c751e8b465ee728b)
Start importing Assets/PreFabs/Player.prefab using Guid(41c66d04b1da04acc90031f812a83727) Importer(815301076,1909f56bfc062723c751e8b465ee728b)  -> (artifact id: 'e8096366e0a034d57de79a40fe0d6bc7') in 0.070242 seconds
  Import took 0.075255 seconds .

========================================================================
Received Import Request.
  Time since last request: 101.701753 seconds.
  path: Assets/PreFabs/Player.prefab
  artifactKey: Guid(41c66d04b1da04acc90031f812a83727) Importer(815301076,1909f56bfc062723c751e8b465ee728b)
Start importing Assets/PreFabs/Player.prefab using Guid(41c66d04b1da04acc90031f812a83727) Importer(815301076,1909f56bfc062723c751e8b465ee728b)  -> (artifact id: '48929edfd8b1f3eb7e6567fb614ad07a') in 0.018139 seconds
  Import took 0.024596 seconds .

========================================================================
Received Import Request.
  Time since last request: 42.607522 seconds.
  path: Assets/PreFabs/Player.prefab
  artifactKey: Guid(41c66d04b1da04acc90031f812a83727) Importer(815301076,1909f56bfc062723c751e8b465ee728b)
Start importing Assets/PreFabs/Player.prefab using Guid(41c66d04b1da04acc90031f812a83727) Importer(815301076,1909f56bfc062723c751e8b465ee728b)  -> (artifact id: '0a7bf955a30c454985e021b440bbbd7f') in 0.018456 seconds
  Import took 0.024256 seconds .

========================================================================
Received Import Request.
  Time since last request: 6.532317 seconds.
  path: Assets/PreFabs/Player.prefab
  artifactKey: Guid(41c66d04b1da04acc90031f812a83727) Importer(815301076,1909f56bfc062723c751e8b465ee728b)
Start importing Assets/PreFabs/Player.prefab using Guid(41c66d04b1da04acc90031f812a83727) Importer(815301076,1909f56bfc062723c751e8b465ee728b)  -> (artifact id: '83c7d6103817c556d5d7eb110dc975c2') in 0.017303 seconds
  Import took 0.022382 seconds .

========================================================================
Received Import Request.
  Time since last request: 5.299622 seconds.
  path: Assets/PreFabs/Player.prefab
  artifactKey: Guid(41c66d04b1da04acc90031f812a83727) Importer(815301076,1909f56bfc062723c751e8b465ee728b)
Start importing Assets/PreFabs/Player.prefab using Guid(41c66d04b1da04acc90031f812a83727) Importer(815301076,1909f56bfc062723c751e8b465ee728b)  -> (artifact id: '25bd53a8954913c40a9d04d9e6697dff') in 0.026346 seconds
  Import took 0.037731 seconds .

========================================================================
Received Import Request.
  Time since last request: 3.645235 seconds.
  path: Assets/PreFabs/Player.prefab
  artifactKey: Guid(41c66d04b1da04acc90031f812a83727) Importer(815301076,1909f56bfc062723c751e8b465ee728b)
Start importing Assets/PreFabs/Player.prefab using Guid(41c66d04b1da04acc90031f812a83727) Importer(815301076,1909f56bfc062723c751e8b465ee728b)  -> (artifact id: 'b9ca71e5bb945e82f43f278e137e916a') in 0.026418 seconds
  Import took 0.036872 seconds .

========================================================================
Received Prepare
Registering precompiled user dll's ...
Registered in 0.000819 seconds.
Begin MonoManager ReloadAssembly
Native extension for WindowsStandalone target not found
Native extension for OSXStandalone target not found
Native extension for WebGL target not found
Refreshing native plugins compatible for Editor in 0.41 ms, found 1 plugins.
Preloading 0 native plugins for Editor in 0.00 ms.
Invoked RoslynAnalysisRunner static constructor.
RoslynAnalysisRunner will not be running.
RoslynAnalysisRunner has terminated.
Mono: successfully reloaded assembly
- Completed reload, in  1.057 seconds
Platform modules already initialized, skipping
Shader 'Universal Render Pipeline/Particles/Lit': fallback shader 'Universal Render Pipeline/Particles/SimpleLit' not found
Shader 'Universal Render Pipeline/Particles/Lit': fallback shader 'Universal Render Pipeline/Particles/SimpleLit' not found
Refreshing native plugins compatible for Editor in 0.49 ms, found 1 plugins.
Preloading 0 native plugins for Editor in 0.00 ms.
Unloading 2344 Unused Serialized files (Serialized files now loaded: 0)
System memory in use before: 183.6 MB.
System memory in use after: 180.4 MB.

Unloading 59 unused Assets to reduce memory usage. Loaded Objects now: 2759.
Total: 5.403797 ms (FindLiveObjects: 0.374895 ms CreateObjectMapping: 0.132249 ms MarkObjects: 2.108274 ms  DeleteObjects: 2.786615 ms)

========================================================================
Received Prepare
Registering precompiled user dll's ...
Registered in 0.000881 seconds.
Begin MonoManager ReloadAssembly
Native extension for WindowsStandalone target not found
Native extension for OSXStandalone target not found
Native extension for WebGL target not found
Refreshing native plugins compatible for Editor in 0.44 ms, found 1 plugins.
Preloading 0 native plugins for Editor in 0.00 ms.
Invoked RoslynAnalysisRunner static constructor.
RoslynAnalysisRunner will not be running.
RoslynAnalysisRunner has terminated.
Mono: successfully reloaded assembly
- Completed reload, in  1.033 seconds
Platform modules already initialized, skipping
Shader 'Universal Render Pipeline/Particles/Lit': fallback shader 'Universal Render Pipeline/Particles/SimpleLit' not found
Shader 'Universal Render Pipeline/Particles/Lit': fallback shader 'Universal Render Pipeline/Particles/SimpleLit' not found
Refreshing native plugins compatible for Editor in 0.56 ms, found 1 plugins.
Preloading 0 native plugins for Editor in 0.00 ms.
Unloading 2344 Unused Serialized files (Serialized files now loaded: 0)
System memory in use before: 183.3 MB.
System memory in use after: 180.1 MB.

Unloading 58 unused Assets to reduce memory usage. Loaded Objects now: 2761.
Total: 4.368225 ms (FindLiveObjects: 0.343238 ms CreateObjectMapping: 0.118696 ms MarkObjects: 1.780089 ms  DeleteObjects: 2.124978 ms)

========================================================================
Received Prepare
Registering precompiled user dll's ...
Registered in 0.004135 seconds.
Begin MonoManager ReloadAssembly
Native extension for WindowsStandalone target not found
Native extension for OSXStandalone target not found
Native extension for WebGL target not found
Refreshing native plugins compatible for Editor in 0.41 ms, found 1 plugins.
Preloading 0 native plugins for Editor in 0.00 ms.
Invoked RoslynAnalysisRunner static constructor.
RoslynAnalysisRunner will not be running.
RoslynAnalysisRunner has terminated.
Mono: successfully reloaded assembly
- Completed reload, in  1.141 seconds
Platform modules already initialized, skipping
Shader 'Universal Render Pipeline/Particles/Lit': fallback shader 'Universal Render Pipeline/Particles/SimpleLit' not found
Shader 'Universal Render Pipeline/Particles/Lit': fallback shader 'Universal Render Pipeline/Particles/SimpleLit' not found
Refreshing native plugins compatible for Editor in 0.52 ms, found 1 plugins.
Preloading 0 native plugins for Editor in 0.00 ms.
Unloading 2344 Unused Serialized files (Serialized files now loaded: 0)
System memory in use before: 183.9 MB.
System memory in use after: 180.7 MB.

Unloading 58 unused Assets to reduce memory usage. Loaded Objects now: 2763.
Total: 6.577192 ms (FindLiveObjects: 0.587629 ms CreateObjectMapping: 0.246464 ms MarkObjects: 2.889619 ms  DeleteObjects: 2.850437 ms)

========================================================================
Received Prepare
Registering precompiled user dll's ...
Registered in 0.000839 seconds.
Begin MonoManager ReloadAssembly
Native extension for WindowsStandalone target not found
Native extension for OSXStandalone target not found
Native extension for WebGL target not found
Refreshing native plugins compatible for Editor in 0.48 ms, found 1 plugins.
Preloading 0 native plugins for Editor in 0.00 ms.
Invoked RoslynAnalysisRunner static constructor.
RoslynAnalysisRunner will not be running.
RoslynAnalysisRunner has terminated.
Mono: successfully reloaded assembly
- Completed reload, in  1.024 seconds
Platform modules already initialized, skipping
Shader 'Universal Render Pipeline/Particles/Lit': fallback shader 'Universal Render Pipeline/Particles/SimpleLit' not found
Shader 'Universal Render Pipeline/Particles/Lit': fallback shader 'Universal Render Pipeline/Particles/SimpleLit' not found
Refreshing native plugins compatible for Editor in 0.45 ms, found 1 plugins.
Preloading 0 native plugins for Editor in 0.00 ms.
Unloading 2344 Unused Serialized files (Serialized files now loaded: 0)
System memory in use before: 183.7 MB.
System memory in use after: 180.5 MB.

Unloading 58 unused Assets to reduce memory usage. Loaded Objects now: 2765.
Total: 6.325842 ms (FindLiveObjects: 0.562107 ms CreateObjectMapping: 0.190810 ms MarkObjects: 2.515237 ms  DeleteObjects: 3.055239 ms)

========================================================================
Received Prepare
Registering precompiled user dll's ...
Registered in 0.000945 seconds.
Begin MonoManager ReloadAssembly
Native extension for WindowsStandalone target not found
Native extension for OSXStandalone target not found
Native extension for WebGL target not found
Refreshing native plugins compatible for Editor in 0.41 ms, found 1 plugins.
Preloading 0 native plugins for Editor in 0.00 ms.
Invoked RoslynAnalysisRunner static constructor.
RoslynAnalysisRunner will not be running.
RoslynAnalysisRunner has terminated.
Mono: successfully reloaded assembly
- Completed reload, in  1.073 seconds
Platform modules already initialized, skipping
Shader 'Universal Render Pipeline/Particles/Lit': fallback shader 'Universal Render Pipeline/Particles/SimpleLit' not found
Shader 'Universal Render Pipeline/Particles/Lit': fallback shader 'Universal Render Pipeline/Particles/SimpleLit' not found
Refreshing native plugins compatible for Editor in 0.45 ms, found 1 plugins.
Preloading 0 native plugins for Editor in 0.00 ms.
Unloading 2344 Unused Serialized files (Serialized files now loaded: 0)
System memory in use before: 184.4 MB.
System memory in use after: 181.2 MB.

Unloading 58 unused Assets to reduce memory usage. Loaded Objects now: 2767.
Total: 5.125618 ms (FindLiveObjects: 0.327348 ms CreateObjectMapping: 0.113159 ms MarkObjects: 2.251654 ms  DeleteObjects: 2.431672 ms)

