Using pre-set license

 COMMAND LINE ARGUMENTS:
/Applications/Unity/Hub/Editor/2020.2.2f1/Unity.app/Contents/MacOS/Unity
-adb2
-batchMode
-noUpm
-name
AssetImportWorker0
-projectPath
/Users/home/Desktop/Spring-21/CST-326/GitHub/CST326/SuperMario
-logFile
Logs/AssetImportWorker0.log
-srvPort
61728
Successfully changed project path to: /Users/home/Desktop/Spring-21/CST-326/GitHub/CST326/SuperMario
/Users/home/Desktop/Spring-21/CST-326/GitHub/CST326/SuperMario
Using Asset Import Pipeline V2.
Refreshing native plugins compatible for Editor in 44.37 ms, found 1 plugins.
Preloading 0 native plugins for Editor in 0.00 ms.
Initialize engine version: 2020.2.2f1 (068178b99f32)
[Subsystems] Discovering subsystems at path /Applications/Unity/Hub/Editor/2020.2.2f1/Unity.app/Contents/Resources/UnitySubsystems
[Subsystems] Discovering subsystems at path /Users/home/Desktop/Spring-21/CST-326/GitHub/CST326/SuperMario/Assets
GfxDevice: creating device client; threaded=0
2021-03-01 09:24:38.965 Unity[16482:1054717] Color LCD preferred device: Intel(R) Iris(TM) Plus Graphics 640 (low power)
2021-03-01 09:24:38.965 Unity[16482:1054717] Metal devices available: 1
2021-03-01 09:24:38.965 Unity[16482:1054717] 0: Intel(R) Iris(TM) Plus Graphics 640 (low power)
2021-03-01 09:24:38.965 Unity[16482:1054717] Using device Intel(R) Iris(TM) Plus Graphics 640 (low power)
Initializing Metal device caps: Intel(R) Iris(TM) Plus Graphics 640
Initialize mono
Mono path[0] = '/Applications/Unity/Hub/Editor/2020.2.2f1/Unity.app/Contents/Managed'
Mono path[1] = '/Applications/Unity/Hub/Editor/2020.2.2f1/Unity.app/Contents/MonoBleedingEdge/lib/mono/unityjit'
Mono config path = '/Applications/Unity/Hub/Editor/2020.2.2f1/Unity.app/Contents/MonoBleedingEdge/etc'
Using monoOptions --debugger-agent=transport=dt_socket,embedding=1,server=y,suspend=n,address=127.0.0.1:56482
Begin MonoManager ReloadAssembly
Registering precompiled unity dll's ...
Register platform support module: /Applications/Unity/Hub/Editor/2020.2.2f1/PlaybackEngines/WebGLSupport/UnityEditor.WebGL.Extensions.dll
Register platform support module: /Applications/Unity/Hub/Editor/2020.2.2f1/Unity.app/Contents/PlaybackEngines/MacStandaloneSupport/UnityEditor.OSXStandalone.Extensions.dll
Register platform support module: /Applications/Unity/Hub/Editor/2020.2.2f1/PlaybackEngines/WindowsStandaloneSupport/UnityEditor.WindowsStandalone.Extensions.dll
Registered in 0.025915 seconds.
Native extension for WindowsStandalone target not found
Native extension for OSXStandalone target not found
Native extension for WebGL target not found
Refreshing native plugins compatible for Editor in 43.75 ms, found 1 plugins.
Preloading 0 native plugins for Editor in 0.00 ms.
Invoked RoslynAnalysisRunner static constructor.
RoslynAnalysisRunner will not be running.
RoslynAnalysisRunner has terminated.
Mono: successfully reloaded assembly
- Completed reload, in  3.376 seconds
Platform modules already initialized, skipping
Registering precompiled user dll's ...
Registered in 0.003572 seconds.
Begin MonoManager ReloadAssembly
Native extension for WindowsStandalone target not found
Native extension for OSXStandalone target not found
Native extension for WebGL target not found
Refreshing native plugins compatible for Editor in 43.34 ms, found 1 plugins.
Preloading 0 native plugins for Editor in 0.00 ms.
Invoked RoslynAnalysisRunner static constructor.
RoslynAnalysisRunner will not be running.
RoslynAnalysisRunner has terminated.
Mono: successfully reloaded assembly
- Completed reload, in  1.186 seconds
Platform modules already initialized, skipping
========================================================================
Worker process is ready to serve import requests
Shader 'Universal Render Pipeline/Particles/Lit': fallback shader 'Universal Render Pipeline/Particles/SimpleLit' not found
Shader 'Universal Render Pipeline/Particles/Lit': fallback shader 'Universal Render Pipeline/Particles/SimpleLit' not found
Launching external process: /Applications/Unity/Hub/Editor/2020.2.2f1/Unity.app/Contents/Tools/UnityShaderCompiler
Launched and connected shader compiler UnityShaderCompiler after 0.01 seconds
Refreshing native plugins compatible for Editor in 0.56 ms, found 1 plugins.
Preloading 0 native plugins for Editor in 0.00 ms.
Unloading 2411 Unused Serialized files (Serialized files now loaded: 0)
System memory in use before: 184.8 MB.
System memory in use after: 182.6 MB.

Unloading 46 unused Assets to reduce memory usage. Loaded Objects now: 2821.
Total: 3.965266 ms (FindLiveObjects: 0.292701 ms CreateObjectMapping: 0.132478 ms MarkObjects: 1.953078 ms  DeleteObjects: 1.585459 ms)

========================================================================
Received Import Request.
  path: Assets/Scripts/Player.cs
  artifactKey: Guid(674a3b08cdcbc4084b0159e8b286b3f4) Importer(815301076,1909f56bfc062723c751e8b465ee728b)
Start importing Assets/Scripts/Player.cs using Guid(674a3b08cdcbc4084b0159e8b286b3f4) Importer(815301076,1909f56bfc062723c751e8b465ee728b)  -> (artifact id: '5ce58ceb71e0d8e68075ce508955a5cc') in 3.663644 seconds
  Import took 3.671822 seconds .

AssetImportWorkerClient::OnTransportError - code=2 error=End of file
