Using pre-set license

 COMMAND LINE ARGUMENTS:
/Applications/Unity/Hub/Editor/2020.2.2f1/Unity.app/Contents/MacOS/Unity
-adb2
-batchMode
-noUpm
-name
AssetImportWorker0
-projectPath
/Users/home/Desktop/Spring-21/CST-326/GitHub/CST326/Pong
-logFile
Logs/AssetImportWorker0.log
-srvPort
64993
Successfully changed project path to: /Users/home/Desktop/Spring-21/CST-326/GitHub/CST326/Pong
/Users/home/Desktop/Spring-21/CST-326/GitHub/CST326/Pong
Using Asset Import Pipeline V2.
Refreshing native plugins compatible for Editor in 23.21 ms, found 1 plugins.
Preloading 0 native plugins for Editor in 0.00 ms.
Initialize engine version: 2020.2.2f1 (068178b99f32)
[Subsystems] Discovering subsystems at path /Applications/Unity/Hub/Editor/2020.2.2f1/Unity.app/Contents/Resources/UnitySubsystems
[Subsystems] Discovering subsystems at path /Users/home/Desktop/Spring-21/CST-326/GitHub/CST326/Pong/Assets
GfxDevice: creating device client; threaded=0
2021-02-11 21:39:07.208 Unity[11353:722673] Color LCD preferred device: Intel(R) Iris(TM) Plus Graphics 640 (low power)
2021-02-11 21:39:07.208 Unity[11353:722673] Metal devices available: 1
2021-02-11 21:39:07.209 Unity[11353:722673] 0: Intel(R) Iris(TM) Plus Graphics 640 (low power)
2021-02-11 21:39:07.209 Unity[11353:722673] Using device Intel(R) Iris(TM) Plus Graphics 640 (low power)
Initializing Metal device caps: Intel(R) Iris(TM) Plus Graphics 640
Initialize mono
Mono path[0] = '/Applications/Unity/Hub/Editor/2020.2.2f1/Unity.app/Contents/Managed'
Mono path[1] = '/Applications/Unity/Hub/Editor/2020.2.2f1/Unity.app/Contents/MonoBleedingEdge/lib/mono/unityjit'
Mono config path = '/Applications/Unity/Hub/Editor/2020.2.2f1/Unity.app/Contents/MonoBleedingEdge/etc'
Using monoOptions --debugger-agent=transport=dt_socket,embedding=1,server=y,suspend=n,address=127.0.0.1:56353
Begin MonoManager ReloadAssembly
Registering precompiled unity dll's ...
Register platform support module: /Applications/Unity/Hub/Editor/2020.2.2f1/PlaybackEngines/WebGLSupport/UnityEditor.WebGL.Extensions.dll
Register platform support module: /Applications/Unity/Hub/Editor/2020.2.2f1/Unity.app/Contents/PlaybackEngines/MacStandaloneSupport/UnityEditor.OSXStandalone.Extensions.dll
Register platform support module: /Applications/Unity/Hub/Editor/2020.2.2f1/PlaybackEngines/WindowsStandaloneSupport/UnityEditor.WindowsStandalone.Extensions.dll
Registered in 0.001218 seconds.
Native extension for WindowsStandalone target not found
Native extension for OSXStandalone target not found
Native extension for WebGL target not found
Refreshing native plugins compatible for Editor in 24.13 ms, found 1 plugins.
Preloading 0 native plugins for Editor in 0.00 ms.
Invoked RoslynAnalysisRunner static constructor.
RoslynAnalysisRunner will not be running.
RoslynAnalysisRunner has terminated.
Mono: successfully reloaded assembly
- Completed reload, in  4.084 seconds
Platform modules already initialized, skipping
Registering precompiled user dll's ...
Registered in 0.000362 seconds.
Begin MonoManager ReloadAssembly
Native extension for WindowsStandalone target not found
Native extension for OSXStandalone target not found
Native extension for WebGL target not found
Refreshing native plugins compatible for Editor in 0.24 ms, found 1 plugins.
Preloading 0 native plugins for Editor in 0.00 ms.
Invoked RoslynAnalysisRunner static constructor.
RoslynAnalysisRunner will not be running.
RoslynAnalysisRunner has terminated.
Mono: successfully reloaded assembly
- Completed reload, in  1.114 seconds
Platform modules already initialized, skipping
========================================================================
Worker process is ready to serve import requests
Launching external process: /Applications/Unity/Hub/Editor/2020.2.2f1/Unity.app/Contents/Tools/UnityShaderCompiler
Launched and connected shader compiler UnityShaderCompiler after 0.01 seconds
Refreshing native plugins compatible for Editor in 0.24 ms, found 1 plugins.
Preloading 0 native plugins for Editor in 0.00 ms.
Unloading 1104 Unused Serialized files (Serialized files now loaded: 0)
System memory in use before: 129.6 MB.
System memory in use after: 129.7 MB.

Unloading 9 unused Assets to reduce memory usage. Loaded Objects now: 1565.
Total: 2.567462 ms (FindLiveObjects: 0.271055 ms CreateObjectMapping: 0.056871 ms MarkObjects: 2.166619 ms  DeleteObjects: 0.071304 ms)

========================================================================
Received Import Request.
  path: Assets/Scripts/Game.cs
  artifactKey: Guid(84262066bd6044287aed4b6e540b2ed5) Importer(815301076,1909f56bfc062723c751e8b465ee728b)
Start importing Assets/Scripts/Game.cs using Guid(84262066bd6044287aed4b6e540b2ed5) Importer(815301076,1909f56bfc062723c751e8b465ee728b)  -> (artifact id: 'de21849874880514723a227cbe1de565') in 3.428791 seconds
  Import took 3.431655 seconds .

========================================================================
Received Prepare
Registering precompiled user dll's ...
Registered in 0.000535 seconds.
Begin MonoManager ReloadAssembly
Native extension for WindowsStandalone target not found
Native extension for OSXStandalone target not found
Native extension for WebGL target not found
Refreshing native plugins compatible for Editor in 0.24 ms, found 1 plugins.
Preloading 0 native plugins for Editor in 0.00 ms.
Invoked RoslynAnalysisRunner static constructor.
RoslynAnalysisRunner will not be running.
RoslynAnalysisRunner has terminated.
Mono: successfully reloaded assembly
- Completed reload, in  1.000 seconds
Platform modules already initialized, skipping
Refreshing native plugins compatible for Editor in 0.28 ms, found 1 plugins.
Preloading 0 native plugins for Editor in 0.00 ms.
Unloading 1098 Unused Serialized files (Serialized files now loaded: 0)
System memory in use before: 135.1 MB.
System memory in use after: 135.1 MB.

Unloading 4 unused Assets to reduce memory usage. Loaded Objects now: 1567.
Total: 2.590540 ms (FindLiveObjects: 0.282791 ms CreateObjectMapping: 0.072426 ms MarkObjects: 2.205148 ms  DeleteObjects: 0.024166 ms)

========================================================================
Received Import Request.
  Time since last request: 430.554168 seconds.
  path: Assets/Scripts/Game.cs
  artifactKey: Guid(84262066bd6044287aed4b6e540b2ed5) Importer(815301076,1909f56bfc062723c751e8b465ee728b)
Start importing Assets/Scripts/Game.cs using Guid(84262066bd6044287aed4b6e540b2ed5) Importer(815301076,1909f56bfc062723c751e8b465ee728b)  -> (artifact id: '9f437eaf176e3615bdd74a3a158582bf') in 0.005603 seconds
  Import took 0.008042 seconds .

========================================================================
Received Prepare
Registering precompiled user dll's ...
Registered in 0.000417 seconds.
Begin MonoManager ReloadAssembly
Native extension for WindowsStandalone target not found
Native extension for OSXStandalone target not found
Native extension for WebGL target not found
Refreshing native plugins compatible for Editor in 0.23 ms, found 1 plugins.
Preloading 0 native plugins for Editor in 0.00 ms.
Invoked RoslynAnalysisRunner static constructor.
RoslynAnalysisRunner will not be running.
RoslynAnalysisRunner has terminated.
Mono: successfully reloaded assembly
- Completed reload, in  0.939 seconds
Platform modules already initialized, skipping
Refreshing native plugins compatible for Editor in 0.28 ms, found 1 plugins.
Preloading 0 native plugins for Editor in 0.00 ms.
Unloading 1098 Unused Serialized files (Serialized files now loaded: 0)
System memory in use before: 135.5 MB.
System memory in use after: 135.5 MB.

Unloading 4 unused Assets to reduce memory usage. Loaded Objects now: 1569.
Total: 2.245058 ms (FindLiveObjects: 0.338288 ms CreateObjectMapping: 0.077745 ms MarkObjects: 1.807641 ms  DeleteObjects: 0.018828 ms)

========================================================================
Received Prepare
Registering precompiled user dll's ...
Registered in 0.001188 seconds.
Begin MonoManager ReloadAssembly
Native extension for WindowsStandalone target not found
Native extension for OSXStandalone target not found
Native extension for WebGL target not found
Refreshing native plugins compatible for Editor in 0.25 ms, found 1 plugins.
Preloading 0 native plugins for Editor in 0.00 ms.
Invoked RoslynAnalysisRunner static constructor.
RoslynAnalysisRunner will not be running.
RoslynAnalysisRunner has terminated.
Mono: successfully reloaded assembly
- Completed reload, in  0.973 seconds
Platform modules already initialized, skipping
Refreshing native plugins compatible for Editor in 0.28 ms, found 1 plugins.
Preloading 0 native plugins for Editor in 0.00 ms.
Unloading 1098 Unused Serialized files (Serialized files now loaded: 0)
System memory in use before: 135.6 MB.
System memory in use after: 135.7 MB.

Unloading 4 unused Assets to reduce memory usage. Loaded Objects now: 1571.
Total: 2.690118 ms (FindLiveObjects: 0.342880 ms CreateObjectMapping: 0.082166 ms MarkObjects: 2.243643 ms  DeleteObjects: 0.019022 ms)

========================================================================
Received Prepare
Registering precompiled user dll's ...
Registered in 0.000408 seconds.
Begin MonoManager ReloadAssembly
Native extension for WindowsStandalone target not found
Native extension for OSXStandalone target not found
Native extension for WebGL target not found
Refreshing native plugins compatible for Editor in 0.25 ms, found 1 plugins.
Preloading 0 native plugins for Editor in 0.00 ms.
Invoked RoslynAnalysisRunner static constructor.
RoslynAnalysisRunner will not be running.
RoslynAnalysisRunner has terminated.
Mono: successfully reloaded assembly
- Completed reload, in  0.925 seconds
Platform modules already initialized, skipping
Refreshing native plugins compatible for Editor in 0.29 ms, found 1 plugins.
Preloading 0 native plugins for Editor in 0.00 ms.
Unloading 1098 Unused Serialized files (Serialized files now loaded: 0)
System memory in use before: 135.9 MB.
System memory in use after: 135.9 MB.

Unloading 4 unused Assets to reduce memory usage. Loaded Objects now: 1573.
Total: 2.199723 ms (FindLiveObjects: 0.246362 ms CreateObjectMapping: 0.056884 ms MarkObjects: 1.876208 ms  DeleteObjects: 0.018465 ms)

========================================================================
Received Prepare
Registering precompiled user dll's ...
Registered in 0.000759 seconds.
Begin MonoManager ReloadAssembly
Native extension for WindowsStandalone target not found
Native extension for OSXStandalone target not found
Native extension for WebGL target not found
Refreshing native plugins compatible for Editor in 0.22 ms, found 1 plugins.
Preloading 0 native plugins for Editor in 0.00 ms.
Invoked RoslynAnalysisRunner static constructor.
RoslynAnalysisRunner will not be running.
RoslynAnalysisRunner has terminated.
Mono: successfully reloaded assembly
- Completed reload, in  0.926 seconds
Platform modules already initialized, skipping
Refreshing native plugins compatible for Editor in 0.24 ms, found 1 plugins.
Preloading 0 native plugins for Editor in 0.00 ms.
Unloading 1098 Unused Serialized files (Serialized files now loaded: 0)
System memory in use before: 136.1 MB.
System memory in use after: 136.2 MB.

Unloading 4 unused Assets to reduce memory usage. Loaded Objects now: 1575.
Total: 2.625254 ms (FindLiveObjects: 0.408089 ms CreateObjectMapping: 0.077153 ms MarkObjects: 2.116341 ms  DeleteObjects: 0.021542 ms)

========================================================================
Received Prepare
Registering precompiled user dll's ...
Registered in 0.000359 seconds.
Begin MonoManager ReloadAssembly
Native extension for WindowsStandalone target not found
Native extension for OSXStandalone target not found
Native extension for WebGL target not found
Refreshing native plugins compatible for Editor in 0.23 ms, found 1 plugins.
Preloading 0 native plugins for Editor in 0.00 ms.
Invoked RoslynAnalysisRunner static constructor.
RoslynAnalysisRunner will not be running.
RoslynAnalysisRunner has terminated.
Mono: successfully reloaded assembly
- Completed reload, in  0.973 seconds
Platform modules already initialized, skipping
Refreshing native plugins compatible for Editor in 0.25 ms, found 1 plugins.
Preloading 0 native plugins for Editor in 0.00 ms.
Unloading 1098 Unused Serialized files (Serialized files now loaded: 0)
System memory in use before: 136.3 MB.
System memory in use after: 136.4 MB.

Unloading 4 unused Assets to reduce memory usage. Loaded Objects now: 1577.
Total: 2.524972 ms (FindLiveObjects: 0.392318 ms CreateObjectMapping: 0.245249 ms MarkObjects: 1.864423 ms  DeleteObjects: 0.020566 ms)

========================================================================
Received Prepare
Registering precompiled user dll's ...
Registered in 0.000469 seconds.
Begin MonoManager ReloadAssembly
Native extension for WindowsStandalone target not found
Native extension for OSXStandalone target not found
Native extension for WebGL target not found
Refreshing native plugins compatible for Editor in 0.22 ms, found 1 plugins.
Preloading 0 native plugins for Editor in 0.00 ms.
Invoked RoslynAnalysisRunner static constructor.
RoslynAnalysisRunner will not be running.
RoslynAnalysisRunner has terminated.
Mono: successfully reloaded assembly
- Completed reload, in  0.977 seconds
Platform modules already initialized, skipping
Refreshing native plugins compatible for Editor in 0.23 ms, found 1 plugins.
Preloading 0 native plugins for Editor in 0.00 ms.
Unloading 1098 Unused Serialized files (Serialized files now loaded: 0)
System memory in use before: 136.5 MB.
System memory in use after: 136.6 MB.

Unloading 4 unused Assets to reduce memory usage. Loaded Objects now: 1579.
Total: 1.621341 ms (FindLiveObjects: 0.200887 ms CreateObjectMapping: 0.039409 ms MarkObjects: 1.364454 ms  DeleteObjects: 0.015507 ms)

========================================================================
Received Prepare
Registering precompiled user dll's ...
Registered in 0.000458 seconds.
Begin MonoManager ReloadAssembly
Native extension for WindowsStandalone target not found
Native extension for OSXStandalone target not found
Native extension for WebGL target not found
Refreshing native plugins compatible for Editor in 0.23 ms, found 1 plugins.
Preloading 0 native plugins for Editor in 0.00 ms.
Invoked RoslynAnalysisRunner static constructor.
RoslynAnalysisRunner will not be running.
RoslynAnalysisRunner has terminated.
Mono: successfully reloaded assembly
- Completed reload, in  0.963 seconds
Platform modules already initialized, skipping
Refreshing native plugins compatible for Editor in 0.21 ms, found 1 plugins.
Preloading 0 native plugins for Editor in 0.00 ms.
Unloading 1098 Unused Serialized files (Serialized files now loaded: 0)
System memory in use before: 136.9 MB.
System memory in use after: 136.9 MB.

Unloading 4 unused Assets to reduce memory usage. Loaded Objects now: 1581.
Total: 2.514486 ms (FindLiveObjects: 0.436215 ms CreateObjectMapping: 0.131183 ms MarkObjects: 1.923591 ms  DeleteObjects: 0.020920 ms)

========================================================================
Received Prepare
Registering precompiled user dll's ...
Registered in 0.000634 seconds.
Begin MonoManager ReloadAssembly
Native extension for WindowsStandalone target not found
Native extension for OSXStandalone target not found
Native extension for WebGL target not found
Refreshing native plugins compatible for Editor in 0.24 ms, found 1 plugins.
Preloading 0 native plugins for Editor in 0.00 ms.
Invoked RoslynAnalysisRunner static constructor.
RoslynAnalysisRunner will not be running.
RoslynAnalysisRunner has terminated.
Mono: successfully reloaded assembly
- Completed reload, in  1.052 seconds
Platform modules already initialized, skipping
Refreshing native plugins compatible for Editor in 0.23 ms, found 1 plugins.
Preloading 0 native plugins for Editor in 0.00 ms.
Unloading 1098 Unused Serialized files (Serialized files now loaded: 0)
System memory in use before: 137.1 MB.
System memory in use after: 137.2 MB.

Unloading 4 unused Assets to reduce memory usage. Loaded Objects now: 1583.
Total: 2.986302 ms (FindLiveObjects: 0.517165 ms CreateObjectMapping: 0.114567 ms MarkObjects: 2.330649 ms  DeleteObjects: 0.020656 ms)

========================================================================
Received Prepare
Registering precompiled user dll's ...
Registered in 0.000498 seconds.
Begin MonoManager ReloadAssembly
Native extension for WindowsStandalone target not found
Native extension for OSXStandalone target not found
Native extension for WebGL target not found
Refreshing native plugins compatible for Editor in 0.23 ms, found 1 plugins.
Preloading 0 native plugins for Editor in 0.00 ms.
Invoked RoslynAnalysisRunner static constructor.
RoslynAnalysisRunner will not be running.
RoslynAnalysisRunner has terminated.
Mono: successfully reloaded assembly
- Completed reload, in  0.934 seconds
Platform modules already initialized, skipping
Refreshing native plugins compatible for Editor in 0.25 ms, found 1 plugins.
Preloading 0 native plugins for Editor in 0.00 ms.
Unloading 1098 Unused Serialized files (Serialized files now loaded: 0)
System memory in use before: 137.3 MB.
System memory in use after: 137.4 MB.

Unloading 4 unused Assets to reduce memory usage. Loaded Objects now: 1585.
Total: 1.893067 ms (FindLiveObjects: 0.308517 ms CreateObjectMapping: 0.064774 ms MarkObjects: 1.496994 ms  DeleteObjects: 0.020733 ms)

========================================================================
Received Prepare
Registering precompiled user dll's ...
Registered in 0.000485 seconds.
Begin MonoManager ReloadAssembly
Native extension for WindowsStandalone target not found
Native extension for OSXStandalone target not found
Native extension for WebGL target not found
Refreshing native plugins compatible for Editor in 0.24 ms, found 1 plugins.
Preloading 0 native plugins for Editor in 0.00 ms.
Invoked RoslynAnalysisRunner static constructor.
RoslynAnalysisRunner will not be running.
RoslynAnalysisRunner has terminated.
Mono: successfully reloaded assembly
- Completed reload, in  0.948 seconds
Platform modules already initialized, skipping
Refreshing native plugins compatible for Editor in 0.23 ms, found 1 plugins.
Preloading 0 native plugins for Editor in 0.00 ms.
Unloading 1098 Unused Serialized files (Serialized files now loaded: 0)
System memory in use before: 137.6 MB.
System memory in use after: 137.6 MB.

Unloading 4 unused Assets to reduce memory usage. Loaded Objects now: 1587.
Total: 2.520583 ms (FindLiveObjects: 0.260372 ms CreateObjectMapping: 0.040763 ms MarkObjects: 2.185288 ms  DeleteObjects: 0.032286 ms)

========================================================================
Received Prepare
Registering precompiled user dll's ...
Registered in 0.000452 seconds.
Begin MonoManager ReloadAssembly
Native extension for WindowsStandalone target not found
Native extension for OSXStandalone target not found
Native extension for WebGL target not found
Refreshing native plugins compatible for Editor in 0.24 ms, found 1 plugins.
Preloading 0 native plugins for Editor in 0.00 ms.
Invoked RoslynAnalysisRunner static constructor.
RoslynAnalysisRunner will not be running.
RoslynAnalysisRunner has terminated.
Mono: successfully reloaded assembly
- Completed reload, in  0.980 seconds
Platform modules already initialized, skipping
Refreshing native plugins compatible for Editor in 0.28 ms, found 1 plugins.
Preloading 0 native plugins for Editor in 0.00 ms.
Unloading 1098 Unused Serialized files (Serialized files now loaded: 0)
System memory in use before: 137.8 MB.
System memory in use after: 137.9 MB.

Unloading 4 unused Assets to reduce memory usage. Loaded Objects now: 1589.
Total: 2.063023 ms (FindLiveObjects: 0.322774 ms CreateObjectMapping: 0.071552 ms MarkObjects: 1.644436 ms  DeleteObjects: 0.022316 ms)

========================================================================
Received Prepare
Registering precompiled user dll's ...
Registered in 0.000390 seconds.
Begin MonoManager ReloadAssembly
Native extension for WindowsStandalone target not found
Native extension for OSXStandalone target not found
Native extension for WebGL target not found
Refreshing native plugins compatible for Editor in 0.24 ms, found 1 plugins.
Preloading 0 native plugins for Editor in 0.00 ms.
Invoked RoslynAnalysisRunner static constructor.
RoslynAnalysisRunner will not be running.
RoslynAnalysisRunner has terminated.
Mono: successfully reloaded assembly
- Completed reload, in  0.967 seconds
Platform modules already initialized, skipping
Refreshing native plugins compatible for Editor in 0.21 ms, found 1 plugins.
Preloading 0 native plugins for Editor in 0.00 ms.
Unloading 1098 Unused Serialized files (Serialized files now loaded: 0)
System memory in use before: 138.0 MB.
System memory in use after: 138.1 MB.

Unloading 4 unused Assets to reduce memory usage. Loaded Objects now: 1591.
Total: 2.407803 ms (FindLiveObjects: 0.294999 ms CreateObjectMapping: 0.070882 ms MarkObjects: 1.999923 ms  DeleteObjects: 0.039919 ms)

========================================================================
Received Import Request.
  Time since last request: 1446.875010 seconds.
  path: Assets/New Material.mat
  artifactKey: Guid(571e42ef8a2444168b671fdc8b4be497) Importer(815301076,1909f56bfc062723c751e8b465ee728b)
Start importing Assets/New Material.mat using Guid(571e42ef8a2444168b671fdc8b4be497) Importer(815301076,1909f56bfc062723c751e8b465ee728b)  -> (artifact id: 'b69cd083db1cb6867dc3ca7cae2fddcf') in 1.493146 seconds
  Import took 1.495730 seconds .

========================================================================
Received Prepare
Registering precompiled user dll's ...
Registered in 0.001176 seconds.
Begin MonoManager ReloadAssembly
Native extension for WindowsStandalone target not found
Native extension for OSXStandalone target not found
Native extension for WebGL target not found
Refreshing native plugins compatible for Editor in 0.22 ms, found 1 plugins.
Preloading 0 native plugins for Editor in 0.00 ms.
Invoked RoslynAnalysisRunner static constructor.
RoslynAnalysisRunner will not be running.
RoslynAnalysisRunner has terminated.
Mono: successfully reloaded assembly
- Completed reload, in  1.037 seconds
Platform modules already initialized, skipping
Refreshing native plugins compatible for Editor in 0.24 ms, found 1 plugins.
Preloading 0 native plugins for Editor in 0.00 ms.
Unloading 1098 Unused Serialized files (Serialized files now loaded: 0)
System memory in use before: 146.3 MB.
System memory in use after: 146.4 MB.

Unloading 4 unused Assets to reduce memory usage. Loaded Objects now: 1633.
Total: 1.539344 ms (FindLiveObjects: 0.171915 ms CreateObjectMapping: 0.034343 ms MarkObjects: 1.317929 ms  DeleteObjects: 0.014242 ms)

========================================================================
Received Prepare
Registering precompiled user dll's ...
Registered in 0.000401 seconds.
Begin MonoManager ReloadAssembly
Native extension for WindowsStandalone target not found
Native extension for OSXStandalone target not found
Native extension for WebGL target not found
Refreshing native plugins compatible for Editor in 0.30 ms, found 1 plugins.
Preloading 0 native plugins for Editor in 0.00 ms.
Invoked RoslynAnalysisRunner static constructor.
RoslynAnalysisRunner will not be running.
RoslynAnalysisRunner has terminated.
Mono: successfully reloaded assembly
- Completed reload, in  0.972 seconds
Platform modules already initialized, skipping
Refreshing native plugins compatible for Editor in 0.28 ms, found 1 plugins.
Preloading 0 native plugins for Editor in 0.00 ms.
Unloading 1098 Unused Serialized files (Serialized files now loaded: 0)
System memory in use before: 146.5 MB.
System memory in use after: 146.6 MB.

Unloading 4 unused Assets to reduce memory usage. Loaded Objects now: 1635.
Total: 2.518563 ms (FindLiveObjects: 0.371517 ms CreateObjectMapping: 0.227351 ms MarkObjects: 1.896133 ms  DeleteObjects: 0.018961 ms)

========================================================================
Received Prepare
Registering precompiled user dll's ...
Registered in 0.000371 seconds.
Begin MonoManager ReloadAssembly
Native extension for WindowsStandalone target not found
Native extension for OSXStandalone target not found
Native extension for WebGL target not found
Refreshing native plugins compatible for Editor in 0.24 ms, found 1 plugins.
Preloading 0 native plugins for Editor in 0.00 ms.
Invoked RoslynAnalysisRunner static constructor.
RoslynAnalysisRunner will not be running.
RoslynAnalysisRunner has terminated.
Mono: successfully reloaded assembly
- Completed reload, in  0.954 seconds
Platform modules already initialized, skipping
Refreshing native plugins compatible for Editor in 0.21 ms, found 1 plugins.
Preloading 0 native plugins for Editor in 0.00 ms.
Unloading 1098 Unused Serialized files (Serialized files now loaded: 0)
System memory in use before: 146.7 MB.
System memory in use after: 146.8 MB.

Unloading 4 unused Assets to reduce memory usage. Loaded Objects now: 1637.
Total: 1.593334 ms (FindLiveObjects: 0.213036 ms CreateObjectMapping: 0.036840 ms MarkObjects: 1.328130 ms  DeleteObjects: 0.014289 ms)

========================================================================
Received Prepare
Registering precompiled user dll's ...
Registered in 0.000681 seconds.
Begin MonoManager ReloadAssembly
Native extension for WindowsStandalone target not found
Native extension for OSXStandalone target not found
Native extension for WebGL target not found
Refreshing native plugins compatible for Editor in 0.25 ms, found 1 plugins.
Preloading 0 native plugins for Editor in 0.00 ms.
Invoked RoslynAnalysisRunner static constructor.
RoslynAnalysisRunner will not be running.
RoslynAnalysisRunner has terminated.
Mono: successfully reloaded assembly
- Completed reload, in  1.034 seconds
Platform modules already initialized, skipping
Refreshing native plugins compatible for Editor in 0.31 ms, found 1 plugins.
Preloading 0 native plugins for Editor in 0.00 ms.
Unloading 1098 Unused Serialized files (Serialized files now loaded: 0)
System memory in use before: 147.0 MB.
System memory in use after: 147.0 MB.

Unloading 4 unused Assets to reduce memory usage. Loaded Objects now: 1639.
Total: 1.619313 ms (FindLiveObjects: 0.211929 ms CreateObjectMapping: 0.037072 ms MarkObjects: 1.354202 ms  DeleteObjects: 0.014133 ms)

========================================================================
Received Prepare
Registering precompiled user dll's ...
Registered in 0.000697 seconds.
Begin MonoManager ReloadAssembly
Native extension for WindowsStandalone target not found
Native extension for OSXStandalone target not found
Native extension for WebGL target not found
Refreshing native plugins compatible for Editor in 0.23 ms, found 1 plugins.
Preloading 0 native plugins for Editor in 0.00 ms.
Invoked RoslynAnalysisRunner static constructor.
RoslynAnalysisRunner will not be running.
RoslynAnalysisRunner has terminated.
Mono: successfully reloaded assembly
- Completed reload, in  1.078 seconds
Platform modules already initialized, skipping
Refreshing native plugins compatible for Editor in 0.25 ms, found 1 plugins.
Preloading 0 native plugins for Editor in 0.00 ms.
Unloading 1098 Unused Serialized files (Serialized files now loaded: 0)
System memory in use before: 147.2 MB.
System memory in use after: 147.3 MB.

Unloading 4 unused Assets to reduce memory usage. Loaded Objects now: 1641.
Total: 2.532302 ms (FindLiveObjects: 0.376369 ms CreateObjectMapping: 0.079064 ms MarkObjects: 2.054077 ms  DeleteObjects: 0.020893 ms)

========================================================================
Received Import Request.
  Time since last request: 1042.634541 seconds.
  path: Assets/powerUp.mat
  artifactKey: Guid(571e42ef8a2444168b671fdc8b4be497) Importer(815301076,1909f56bfc062723c751e8b465ee728b)
Start importing Assets/powerUp.mat using Guid(571e42ef8a2444168b671fdc8b4be497) Importer(815301076,1909f56bfc062723c751e8b465ee728b)  -> (artifact id: 'ec53d1c49278f37e571402d84120c98c') in 0.320218 seconds
  Import took 0.322407 seconds .

========================================================================
Received Prepare
Registering precompiled user dll's ...
Registered in 0.000637 seconds.
Begin MonoManager ReloadAssembly
Native extension for WindowsStandalone target not found
Native extension for OSXStandalone target not found
Native extension for WebGL target not found
Refreshing native plugins compatible for Editor in 0.24 ms, found 1 plugins.
Preloading 0 native plugins for Editor in 0.00 ms.
Invoked RoslynAnalysisRunner static constructor.
RoslynAnalysisRunner will not be running.
RoslynAnalysisRunner has terminated.
Mono: successfully reloaded assembly
- Completed reload, in  0.985 seconds
Platform modules already initialized, skipping
Refreshing native plugins compatible for Editor in 0.23 ms, found 1 plugins.
Preloading 0 native plugins for Editor in 0.00 ms.
Unloading 1098 Unused Serialized files (Serialized files now loaded: 0)
System memory in use before: 147.5 MB.
System memory in use after: 147.6 MB.

Unloading 4 unused Assets to reduce memory usage. Loaded Objects now: 1644.
Total: 1.578957 ms (FindLiveObjects: 0.210458 ms CreateObjectMapping: 0.032774 ms MarkObjects: 1.319814 ms  DeleteObjects: 0.014453 ms)

========================================================================
Received Prepare
Registering precompiled user dll's ...
Registered in 0.001497 seconds.
Begin MonoManager ReloadAssembly
Native extension for WindowsStandalone target not found
Native extension for OSXStandalone target not found
Native extension for WebGL target not found
Refreshing native plugins compatible for Editor in 0.40 ms, found 1 plugins.
Preloading 0 native plugins for Editor in 0.00 ms.
Invoked RoslynAnalysisRunner static constructor.
RoslynAnalysisRunner will not be running.
RoslynAnalysisRunner has terminated.
Mono: successfully reloaded assembly
- Completed reload, in  1.120 seconds
Platform modules already initialized, skipping
Refreshing native plugins compatible for Editor in 0.34 ms, found 1 plugins.
Preloading 0 native plugins for Editor in 0.00 ms.
Unloading 1098 Unused Serialized files (Serialized files now loaded: 0)
System memory in use before: 147.7 MB.
System memory in use after: 147.8 MB.

Unloading 4 unused Assets to reduce memory usage. Loaded Objects now: 1646.
Total: 3.140346 ms (FindLiveObjects: 0.236520 ms CreateObjectMapping: 0.098059 ms MarkObjects: 2.779417 ms  DeleteObjects: 0.022034 ms)

========================================================================
Received Prepare
Registering precompiled user dll's ...
Registered in 0.000469 seconds.
Begin MonoManager ReloadAssembly
Native extension for WindowsStandalone target not found
Native extension for OSXStandalone target not found
Native extension for WebGL target not found
Refreshing native plugins compatible for Editor in 0.26 ms, found 1 plugins.
Preloading 0 native plugins for Editor in 0.00 ms.
Invoked RoslynAnalysisRunner static constructor.
RoslynAnalysisRunner will not be running.
RoslynAnalysisRunner has terminated.
Mono: successfully reloaded assembly
- Completed reload, in  1.062 seconds
Platform modules already initialized, skipping
Refreshing native plugins compatible for Editor in 0.24 ms, found 1 plugins.
Preloading 0 native plugins for Editor in 0.00 ms.
Unloading 1098 Unused Serialized files (Serialized files now loaded: 0)
System memory in use before: 148.0 MB.
System memory in use after: 148.1 MB.

Unloading 4 unused Assets to reduce memory usage. Loaded Objects now: 1648.
Total: 2.629246 ms (FindLiveObjects: 0.430433 ms CreateObjectMapping: 0.079872 ms MarkObjects: 2.086588 ms  DeleteObjects: 0.028649 ms)

========================================================================
Received Prepare
Registering precompiled user dll's ...
Registered in 0.001379 seconds.
Begin MonoManager ReloadAssembly
Native extension for WindowsStandalone target not found
Native extension for OSXStandalone target not found
Native extension for WebGL target not found
Refreshing native plugins compatible for Editor in 0.21 ms, found 1 plugins.
Preloading 0 native plugins for Editor in 0.00 ms.
Invoked RoslynAnalysisRunner static constructor.
RoslynAnalysisRunner will not be running.
RoslynAnalysisRunner has terminated.
Mono: successfully reloaded assembly
- Completed reload, in  0.981 seconds
Platform modules already initialized, skipping
Refreshing native plugins compatible for Editor in 0.34 ms, found 1 plugins.
Preloading 0 native plugins for Editor in 0.00 ms.
Unloading 1098 Unused Serialized files (Serialized files now loaded: 0)
System memory in use before: 148.2 MB.
System memory in use after: 148.3 MB.

Unloading 4 unused Assets to reduce memory usage. Loaded Objects now: 1650.
Total: 2.261657 ms (FindLiveObjects: 0.410746 ms CreateObjectMapping: 0.078177 ms MarkObjects: 1.747327 ms  DeleteObjects: 0.023077 ms)

========================================================================
Received Prepare
Registering precompiled user dll's ...
Registered in 0.000386 seconds.
Begin MonoManager ReloadAssembly
Native extension for WindowsStandalone target not found
Native extension for OSXStandalone target not found
Native extension for WebGL target not found
Refreshing native plugins compatible for Editor in 0.22 ms, found 1 plugins.
Preloading 0 native plugins for Editor in 0.00 ms.
Invoked RoslynAnalysisRunner static constructor.
RoslynAnalysisRunner will not be running.
RoslynAnalysisRunner has terminated.
Mono: successfully reloaded assembly
- Completed reload, in  0.936 seconds
Platform modules already initialized, skipping
Refreshing native plugins compatible for Editor in 0.22 ms, found 1 plugins.
Preloading 0 native plugins for Editor in 0.00 ms.
Unloading 1098 Unused Serialized files (Serialized files now loaded: 0)
System memory in use before: 148.5 MB.
System memory in use after: 148.5 MB.

Unloading 4 unused Assets to reduce memory usage. Loaded Objects now: 1652.
Total: 1.750650 ms (FindLiveObjects: 0.245706 ms CreateObjectMapping: 0.040255 ms MarkObjects: 1.448664 ms  DeleteObjects: 0.014673 ms)

========================================================================
Received Prepare
Registering precompiled user dll's ...
Registered in 0.002818 seconds.
Begin MonoManager ReloadAssembly
Native extension for WindowsStandalone target not found
Native extension for OSXStandalone target not found
Native extension for WebGL target not found
Refreshing native plugins compatible for Editor in 1.00 ms, found 1 plugins.
Preloading 0 native plugins for Editor in 0.00 ms.
Invoked RoslynAnalysisRunner static constructor.
RoslynAnalysisRunner will not be running.
RoslynAnalysisRunner has terminated.
Mono: successfully reloaded assembly
- Completed reload, in  1.017 seconds
Platform modules already initialized, skipping
Refreshing native plugins compatible for Editor in 0.23 ms, found 1 plugins.
Preloading 0 native plugins for Editor in 0.00 ms.
Unloading 1098 Unused Serialized files (Serialized files now loaded: 0)
System memory in use before: 148.7 MB.
System memory in use after: 148.8 MB.

Unloading 4 unused Assets to reduce memory usage. Loaded Objects now: 1654.
Total: 1.572478 ms (FindLiveObjects: 0.179497 ms CreateObjectMapping: 0.035010 ms MarkObjects: 1.342301 ms  DeleteObjects: 0.014503 ms)

========================================================================
Received Prepare
Registering precompiled user dll's ...
Registered in 0.002838 seconds.
Begin MonoManager ReloadAssembly
Native extension for WindowsStandalone target not found
Native extension for OSXStandalone target not found
Native extension for WebGL target not found
Refreshing native plugins compatible for Editor in 0.28 ms, found 1 plugins.
Preloading 0 native plugins for Editor in 0.00 ms.
Invoked RoslynAnalysisRunner static constructor.
RoslynAnalysisRunner will not be running.
RoslynAnalysisRunner has terminated.
Mono: successfully reloaded assembly
- Completed reload, in  1.008 seconds
Platform modules already initialized, skipping
Refreshing native plugins compatible for Editor in 0.44 ms, found 1 plugins.
Preloading 0 native plugins for Editor in 0.00 ms.
Unloading 1098 Unused Serialized files (Serialized files now loaded: 0)
System memory in use before: 148.9 MB.
System memory in use after: 149.0 MB.

Unloading 4 unused Assets to reduce memory usage. Loaded Objects now: 1656.
Total: 2.834295 ms (FindLiveObjects: 0.417160 ms CreateObjectMapping: 0.313386 ms MarkObjects: 2.080064 ms  DeleteObjects: 0.020959 ms)

========================================================================
Received Prepare
Registering precompiled user dll's ...
Registered in 0.000484 seconds.
Begin MonoManager ReloadAssembly
Native extension for WindowsStandalone target not found
Native extension for OSXStandalone target not found
Native extension for WebGL target not found
Refreshing native plugins compatible for Editor in 0.28 ms, found 1 plugins.
Preloading 0 native plugins for Editor in 0.00 ms.
Invoked RoslynAnalysisRunner static constructor.
RoslynAnalysisRunner will not be running.
RoslynAnalysisRunner has terminated.
Mono: successfully reloaded assembly
- Completed reload, in  0.991 seconds
Platform modules already initialized, skipping
Refreshing native plugins compatible for Editor in 0.47 ms, found 1 plugins.
Preloading 0 native plugins for Editor in 0.00 ms.
Unloading 1098 Unused Serialized files (Serialized files now loaded: 0)
System memory in use before: 149.2 MB.
System memory in use after: 149.2 MB.

Unloading 4 unused Assets to reduce memory usage. Loaded Objects now: 1658.
Total: 2.080691 ms (FindLiveObjects: 0.267941 ms CreateObjectMapping: 0.057290 ms MarkObjects: 1.732846 ms  DeleteObjects: 0.020686 ms)

========================================================================
Received Prepare
Registering precompiled user dll's ...
Registered in 0.000420 seconds.
Begin MonoManager ReloadAssembly
Native extension for WindowsStandalone target not found
Native extension for OSXStandalone target not found
Native extension for WebGL target not found
Refreshing native plugins compatible for Editor in 0.23 ms, found 1 plugins.
Preloading 0 native plugins for Editor in 0.00 ms.
Invoked RoslynAnalysisRunner static constructor.
RoslynAnalysisRunner will not be running.
RoslynAnalysisRunner has terminated.
Mono: successfully reloaded assembly
- Completed reload, in  0.949 seconds
Platform modules already initialized, skipping
Refreshing native plugins compatible for Editor in 0.28 ms, found 1 plugins.
Preloading 0 native plugins for Editor in 0.00 ms.
Unloading 1098 Unused Serialized files (Serialized files now loaded: 0)
System memory in use before: 149.4 MB.
System memory in use after: 149.5 MB.

Unloading 4 unused Assets to reduce memory usage. Loaded Objects now: 1660.
Total: 2.732611 ms (FindLiveObjects: 0.380800 ms CreateObjectMapping: 0.080083 ms MarkObjects: 2.247117 ms  DeleteObjects: 0.021937 ms)

========================================================================
Received Prepare
Registering precompiled user dll's ...
Registered in 0.000434 seconds.
Begin MonoManager ReloadAssembly
Native extension for WindowsStandalone target not found
Native extension for OSXStandalone target not found
Native extension for WebGL target not found
Refreshing native plugins compatible for Editor in 0.23 ms, found 1 plugins.
Preloading 0 native plugins for Editor in 0.00 ms.
Invoked RoslynAnalysisRunner static constructor.
RoslynAnalysisRunner will not be running.
RoslynAnalysisRunner has terminated.
Mono: successfully reloaded assembly
- Completed reload, in  0.948 seconds
Platform modules already initialized, skipping
Refreshing native plugins compatible for Editor in 0.28 ms, found 1 plugins.
Preloading 0 native plugins for Editor in 0.00 ms.
Unloading 1098 Unused Serialized files (Serialized files now loaded: 0)
System memory in use before: 149.6 MB.
System memory in use after: 149.7 MB.

Unloading 4 unused Assets to reduce memory usage. Loaded Objects now: 1662.
Total: 2.371666 ms (FindLiveObjects: 0.333688 ms CreateObjectMapping: 0.072007 ms MarkObjects: 1.945813 ms  DeleteObjects: 0.018232 ms)

========================================================================
Received Prepare
Registering precompiled user dll's ...
Registered in 0.000565 seconds.
Begin MonoManager ReloadAssembly
Native extension for WindowsStandalone target not found
Native extension for OSXStandalone target not found
Native extension for WebGL target not found
Refreshing native plugins compatible for Editor in 0.22 ms, found 1 plugins.
Preloading 0 native plugins for Editor in 0.00 ms.
Invoked RoslynAnalysisRunner static constructor.
RoslynAnalysisRunner will not be running.
RoslynAnalysisRunner has terminated.
Mono: successfully reloaded assembly
- Completed reload, in  1.002 seconds
Platform modules already initialized, skipping
Refreshing native plugins compatible for Editor in 0.32 ms, found 1 plugins.
Preloading 0 native plugins for Editor in 0.00 ms.
Unloading 1098 Unused Serialized files (Serialized files now loaded: 0)
System memory in use before: 149.8 MB.
System memory in use after: 149.9 MB.

Unloading 4 unused Assets to reduce memory usage. Loaded Objects now: 1664.
Total: 2.850819 ms (FindLiveObjects: 0.757963 ms CreateObjectMapping: 0.125389 ms MarkObjects: 1.941196 ms  DeleteObjects: 0.023337 ms)

========================================================================
Received Import Request.
  Time since last request: 2602.531864 seconds.
  path: Assets/Sound/co_cartoon_climb_ascend_fast_delicate_wood_023.mp3
  artifactKey: Guid(186d50937ab5e41d48fd7a1720699882) Importer(815301076,1909f56bfc062723c751e8b465ee728b)
Start importing Assets/Sound/co_cartoon_climb_ascend_fast_delicate_wood_023.mp3 using Guid(186d50937ab5e41d48fd7a1720699882) Importer(815301076,1909f56bfc062723c751e8b465ee728b)  -> (artifact id: 'b7705bafca86097d94f73c405b4685dc') in 1.893522 seconds
  Import took 1.897238 seconds .

========================================================================
Received Import Request.
  Time since last request: 9.360630 seconds.
  path: Assets/Sound/double up.mp3
  artifactKey: Guid(186d50937ab5e41d48fd7a1720699882) Importer(815301076,1909f56bfc062723c751e8b465ee728b)
Start importing Assets/Sound/double up.mp3 using Guid(186d50937ab5e41d48fd7a1720699882) Importer(815301076,1909f56bfc062723c751e8b465ee728b)  -> (artifact id: '18079acbe2a1892497b366ed75d8a0d0') in 0.022808 seconds
  Import took 0.026604 seconds .

========================================================================
Received Import Request.
  Time since last request: 47.544023 seconds.
  path: Assets/Sound/scoret_scaner_light_swipe_61692.mp3
  artifactKey: Guid(2c925a22d31c94ff48f89440bc885e70) Importer(815301076,1909f56bfc062723c751e8b465ee728b)
Start importing Assets/Sound/scoret_scaner_light_swipe_61692.mp3 using Guid(2c925a22d31c94ff48f89440bc885e70) Importer(815301076,1909f56bfc062723c751e8b465ee728b)  -> (artifact id: 'c04ce564155192a51b41db0b6c463394') in 0.022419 seconds
  Import took 0.026848 seconds .

========================================================================
Received Import Request.
  Time since last request: 8.559215 seconds.
  path: Assets/Sound/score.mp3
  artifactKey: Guid(2c925a22d31c94ff48f89440bc885e70) Importer(815301076,1909f56bfc062723c751e8b465ee728b)
Start importing Assets/Sound/score.mp3 using Guid(2c925a22d31c94ff48f89440bc885e70) Importer(815301076,1909f56bfc062723c751e8b465ee728b)  -> (artifact id: 'e0ac9da6c9ae901fb46f35d0a80aca8d') in 0.020813 seconds
  Import took 0.024415 seconds .

========================================================================
Received Import Request.
  Time since last request: 0.010193 seconds.
  path: Assets/Sound/score.mp3
  artifactKey: Guid(2c925a22d31c94ff48f89440bc885e70) Importer(815301076,1909f56bfc062723c751e8b465ee728b)
Start importing Assets/Sound/score.mp3 using Guid(2c925a22d31c94ff48f89440bc885e70) Importer(815301076,1909f56bfc062723c751e8b465ee728b)  -> (artifact id: 'e0ac9da6c9ae901fb46f35d0a80aca8d') in 0.013362 seconds
  Import took 0.016525 seconds .

========================================================================
Received Import Request.
  Time since last request: 21.402570 seconds.
  path: Assets/Sound/Paddle hit.mp3
  artifactKey: Guid(13c80b934544c4096ba5eeb8bf5a1203) Importer(815301076,1909f56bfc062723c751e8b465ee728b)
Start importing Assets/Sound/Paddle hit.mp3 using Guid(13c80b934544c4096ba5eeb8bf5a1203) Importer(815301076,1909f56bfc062723c751e8b465ee728b)  -> (artifact id: '275bbd096433f939c79889cf061d5bd5') in 0.019724 seconds
  Import took 0.024094 seconds .

========================================================================
Received Import Request.
  Time since last request: 7.144395 seconds.
  path: Assets/Sound/wall hit.mp3
  artifactKey: Guid(a614aa6913816436f80145d5420ac04d) Importer(815301076,1909f56bfc062723c751e8b465ee728b)
Start importing Assets/Sound/wall hit.mp3 using Guid(a614aa6913816436f80145d5420ac04d) Importer(815301076,1909f56bfc062723c751e8b465ee728b)  -> (artifact id: 'c080493b9190e091b6fcf67884204d92') in 0.018282 seconds
  Import took 0.022468 seconds .

========================================================================
Received Import Request.
  Time since last request: 179.664963 seconds.
  path: Assets/Sound/zapsplat_science_fiction_spacecraft_powerful_pass_by_super_sonic_fast_whoosh_003_62008.mp3
  artifactKey: Guid(bc956a495a307476689999caad84d94c) Importer(815301076,1909f56bfc062723c751e8b465ee728b)
Start importing Assets/Sound/zapsplat_science_fiction_spacecraft_powerful_pass_by_super_sonic_fast_whoosh_003_62008.mp3 using Guid(bc956a495a307476689999caad84d94c) Importer(815301076,1909f56bfc062723c751e8b465ee728b)  -> (artifact id: 'd404979826c7afc32295461efb97fcf3') in 0.019003 seconds
  Import took 0.023415 seconds .

========================================================================
Received Import Request.
  Time since last request: 8.668899 seconds.
  path: Assets/Sound/speed.mp3
  artifactKey: Guid(bc956a495a307476689999caad84d94c) Importer(815301076,1909f56bfc062723c751e8b465ee728b)
Start importing Assets/Sound/speed.mp3 using Guid(bc956a495a307476689999caad84d94c) Importer(815301076,1909f56bfc062723c751e8b465ee728b)  -> (artifact id: '8dce6d824cb21021dcedc9dfd10ab3e6') in 0.020447 seconds
  Import took 0.024514 seconds .

========================================================================
Received Prepare
Registering precompiled user dll's ...
Registered in 0.000552 seconds.
Begin MonoManager ReloadAssembly
Native extension for WindowsStandalone target not found
Native extension for OSXStandalone target not found
Native extension for WebGL target not found
Refreshing native plugins compatible for Editor in 0.22 ms, found 1 plugins.
Preloading 0 native plugins for Editor in 0.00 ms.
Invoked RoslynAnalysisRunner static constructor.
RoslynAnalysisRunner will not be running.
RoslynAnalysisRunner has terminated.
Mono: successfully reloaded assembly
- Completed reload, in  0.968 seconds
Platform modules already initialized, skipping
Refreshing native plugins compatible for Editor in 0.24 ms, found 1 plugins.
Preloading 0 native plugins for Editor in 0.00 ms.
Unloading 1098 Unused Serialized files (Serialized files now loaded: 0)
System memory in use before: 154.5 MB.
System memory in use after: 154.6 MB.

Unloading 4 unused Assets to reduce memory usage. Loaded Objects now: 1669.
Total: 2.230439 ms (FindLiveObjects: 0.381566 ms CreateObjectMapping: 0.070359 ms MarkObjects: 1.753280 ms  DeleteObjects: 0.022502 ms)

========================================================================
Received Import Request.
  Time since last request: 255.871736 seconds.
  path: Assets/Sound/speed.mov
  artifactKey: Guid(62d5b3becd35849d0b6224ee299f088e) Importer(815301076,1909f56bfc062723c751e8b465ee728b)
Start importing Assets/Sound/speed.mov using Guid(62d5b3becd35849d0b6224ee299f088e) Importer(815301076,1909f56bfc062723c751e8b465ee728b)  -> (artifact id: 'd1271e44aa7370b1855bf6b0ea822b8e') in 0.798789 seconds
  Import took 0.801650 seconds .

========================================================================
Received Import Request.
  Time since last request: 75.539882 seconds.
  path: Assets/Sound/speed.mp3
  artifactKey: Guid(bc956a495a307476689999caad84d94c) Importer(815301076,1909f56bfc062723c751e8b465ee728b)
Start importing Assets/Sound/speed.mp3 using Guid(bc956a495a307476689999caad84d94c) Importer(815301076,1909f56bfc062723c751e8b465ee728b)  -> (artifact id: 'c476b4a9fef750e34796964329b01b95') in 0.073730 seconds
  Import took 0.077966 seconds .

========================================================================
Received Import Request.
  Time since last request: 184.763171 seconds.
  path: Assets/Sound/zapsplat_science_fiction_spacecraft_powerful_pass_by_super_sonic_fast_whoosh_003_62008-[AudioTrimmer.com].mp3
  artifactKey: Guid(e1b08d2a9b3804f5a8908facd63fd0a9) Importer(815301076,1909f56bfc062723c751e8b465ee728b)
Start importing Assets/Sound/zapsplat_science_fiction_spacecraft_powerful_pass_by_super_sonic_fast_whoosh_003_62008-[AudioTrimmer.com].mp3 using Guid(e1b08d2a9b3804f5a8908facd63fd0a9) Importer(815301076,1909f56bfc062723c751e8b465ee728b)  -> (artifact id: '13d51297da816117b0c9cf8042ae7250') in 0.044148 seconds
  Import took 0.048633 seconds .

========================================================================
Received Import Request.
  Time since last request: 14.849811 seconds.
  path: Assets/Sound/speed.mp3
  artifactKey: Guid(e1b08d2a9b3804f5a8908facd63fd0a9) Importer(815301076,1909f56bfc062723c751e8b465ee728b)
Start importing Assets/Sound/speed.mp3 using Guid(e1b08d2a9b3804f5a8908facd63fd0a9) Importer(815301076,1909f56bfc062723c751e8b465ee728b)  -> (artifact id: 'fe26284cdc9c3294734449df1c7a457e') in 0.019071 seconds
  Import took 0.021950 seconds .

========================================================================
Received Prepare
Registering precompiled user dll's ...
Registered in 0.000448 seconds.
Begin MonoManager ReloadAssembly
Native extension for WindowsStandalone target not found
Native extension for OSXStandalone target not found
Native extension for WebGL target not found
Refreshing native plugins compatible for Editor in 0.28 ms, found 1 plugins.
Preloading 0 native plugins for Editor in 0.00 ms.
Invoked RoslynAnalysisRunner static constructor.
RoslynAnalysisRunner will not be running.
RoslynAnalysisRunner has terminated.
Mono: successfully reloaded assembly
- Completed reload, in  0.995 seconds
Platform modules already initialized, skipping
Refreshing native plugins compatible for Editor in 0.28 ms, found 1 plugins.
Preloading 0 native plugins for Editor in 0.00 ms.
Unloading 1098 Unused Serialized files (Serialized files now loaded: 0)
System memory in use before: 159.1 MB.
System memory in use after: 159.2 MB.

Unloading 4 unused Assets to reduce memory usage. Loaded Objects now: 1672.
Total: 2.105070 ms (FindLiveObjects: 0.240094 ms CreateObjectMapping: 0.046915 ms MarkObjects: 1.794433 ms  DeleteObjects: 0.022005 ms)

========================================================================
Received Prepare
Registering precompiled user dll's ...
Registered in 0.000769 seconds.
Begin MonoManager ReloadAssembly
Native extension for WindowsStandalone target not found
Native extension for OSXStandalone target not found
Native extension for WebGL target not found
Refreshing native plugins compatible for Editor in 0.24 ms, found 1 plugins.
Preloading 0 native plugins for Editor in 0.00 ms.
Invoked RoslynAnalysisRunner static constructor.
RoslynAnalysisRunner will not be running.
RoslynAnalysisRunner has terminated.
Mono: successfully reloaded assembly
- Completed reload, in  0.954 seconds
Platform modules already initialized, skipping
Refreshing native plugins compatible for Editor in 0.32 ms, found 1 plugins.
Preloading 0 native plugins for Editor in 0.00 ms.
Unloading 1098 Unused Serialized files (Serialized files now loaded: 0)
System memory in use before: 159.3 MB.
System memory in use after: 159.4 MB.

Unloading 4 unused Assets to reduce memory usage. Loaded Objects now: 1674.
Total: 1.810809 ms (FindLiveObjects: 0.174602 ms CreateObjectMapping: 0.041839 ms MarkObjects: 1.576750 ms  DeleteObjects: 0.016134 ms)

