Using pre-set license

 COMMAND LINE ARGUMENTS:
/Applications/Unity/Hub/Editor/2020.2.2f1/Unity.app/Contents/MacOS/Unity
-adb2
-batchMode
-noUpm
-name
AssetImportWorker0
-projectPath
/Users/home/Desktop/Spring-21/CST-326/GitHub/CST326/Shoot'Em Up
-logFile
Logs/AssetImportWorker0.log
-srvPort
58752
Successfully changed project path to: /Users/home/Desktop/Spring-21/CST-326/GitHub/CST326/Shoot'Em Up
/Users/home/Desktop/Spring-21/CST-326/GitHub/CST326/Shoot'Em Up
Using Asset Import Pipeline V2.
Refreshing native plugins compatible for Editor in 44.55 ms, found 1 plugins.
Preloading 0 native plugins for Editor in 0.00 ms.
Initialize engine version: 2020.2.2f1 (068178b99f32)
[Subsystems] Discovering subsystems at path /Applications/Unity/Hub/Editor/2020.2.2f1/Unity.app/Contents/Resources/UnitySubsystems
[Subsystems] Discovering subsystems at path /Users/home/Desktop/Spring-21/CST-326/GitHub/CST326/Shoot'Em Up/Assets
GfxDevice: creating device client; threaded=0
2021-03-07 11:16:36.320 Unity[40955:2698048] Color LCD preferred device: Intel(R) Iris(TM) Plus Graphics 640 (low power)
2021-03-07 11:16:36.320 Unity[40955:2698048] Metal devices available: 1
2021-03-07 11:16:36.320 Unity[40955:2698048] 0: Intel(R) Iris(TM) Plus Graphics 640 (low power)
2021-03-07 11:16:36.320 Unity[40955:2698048] Using device Intel(R) Iris(TM) Plus Graphics 640 (low power)
Initializing Metal device caps: Intel(R) Iris(TM) Plus Graphics 640
Initialize mono
Mono path[0] = '/Applications/Unity/Hub/Editor/2020.2.2f1/Unity.app/Contents/Managed'
Mono path[1] = '/Applications/Unity/Hub/Editor/2020.2.2f1/Unity.app/Contents/MonoBleedingEdge/lib/mono/unityjit'
Mono config path = '/Applications/Unity/Hub/Editor/2020.2.2f1/Unity.app/Contents/MonoBleedingEdge/etc'
Using monoOptions --debugger-agent=transport=dt_socket,embedding=1,server=y,suspend=n,address=127.0.0.1:56955
Begin MonoManager ReloadAssembly
Registering precompiled unity dll's ...
Register platform support module: /Applications/Unity/Hub/Editor/2020.2.2f1/PlaybackEngines/WebGLSupport/UnityEditor.WebGL.Extensions.dll
Register platform support module: /Applications/Unity/Hub/Editor/2020.2.2f1/Unity.app/Contents/PlaybackEngines/MacStandaloneSupport/UnityEditor.OSXStandalone.Extensions.dll
Register platform support module: /Applications/Unity/Hub/Editor/2020.2.2f1/PlaybackEngines/WindowsStandaloneSupport/UnityEditor.WindowsStandalone.Extensions.dll
Registered in 0.010052 seconds.
Native extension for WindowsStandalone target not found
Native extension for OSXStandalone target not found
Native extension for WebGL target not found
Refreshing native plugins compatible for Editor in 44.53 ms, found 1 plugins.
Preloading 0 native plugins for Editor in 0.00 ms.
Invoked RoslynAnalysisRunner static constructor.
RoslynAnalysisRunner will not be running.
RoslynAnalysisRunner has terminated.
Mono: successfully reloaded assembly
- Completed reload, in  5.124 seconds
Platform modules already initialized, skipping
Registering precompiled user dll's ...
Registered in 0.003079 seconds.
Begin MonoManager ReloadAssembly
Native extension for WindowsStandalone target not found
Native extension for OSXStandalone target not found
Native extension for WebGL target not found
Refreshing native plugins compatible for Editor in 44.60 ms, found 1 plugins.
Preloading 0 native plugins for Editor in 0.00 ms.
Invoked RoslynAnalysisRunner static constructor.
RoslynAnalysisRunner will not be running.
RoslynAnalysisRunner has terminated.
Mono: successfully reloaded assembly
- Completed reload, in  1.234 seconds
Platform modules already initialized, skipping
========================================================================
Worker process is ready to serve import requests
Shader 'Universal Render Pipeline/Particles/Lit': fallback shader 'Universal Render Pipeline/Particles/SimpleLit' not found
Shader 'Universal Render Pipeline/Particles/Lit': fallback shader 'Universal Render Pipeline/Particles/SimpleLit' not found
Launching external process: /Applications/Unity/Hub/Editor/2020.2.2f1/Unity.app/Contents/Tools/UnityShaderCompiler
Launched and connected shader compiler UnityShaderCompiler after 0.02 seconds
Refreshing native plugins compatible for Editor in 0.60 ms, found 1 plugins.
Preloading 0 native plugins for Editor in 0.00 ms.
Unloading 2399 Unused Serialized files (Serialized files now loaded: 0)
System memory in use before: 178.1 MB.
System memory in use after: 175.1 MB.

Unloading 59 unused Assets to reduce memory usage. Loaded Objects now: 2793.
Total: 5.318946 ms (FindLiveObjects: 0.341564 ms CreateObjectMapping: 0.130854 ms MarkObjects: 2.287179 ms  DeleteObjects: 2.557579 ms)

========================================================================
Received Import Request.
  path: Assets/Prefabs/Shredder.prefab
  artifactKey: Guid(c89cecb2317ae4e68b2fda6193f2d006) Importer(815301076,1909f56bfc062723c751e8b465ee728b)
Start importing Assets/Prefabs/Shredder.prefab using Guid(c89cecb2317ae4e68b2fda6193f2d006) Importer(815301076,1909f56bfc062723c751e8b465ee728b)  -> (artifact id: '737e477f9faf30bab0be62c8fca6d72f') in 1.091761 seconds
  Import took 1.097859 seconds .

========================================================================
Received Prepare
Registering precompiled user dll's ...
Registered in 0.000806 seconds.
Begin MonoManager ReloadAssembly
Native extension for WindowsStandalone target not found
Native extension for OSXStandalone target not found
Native extension for WebGL target not found
Refreshing native plugins compatible for Editor in 0.71 ms, found 1 plugins.
Preloading 0 native plugins for Editor in 0.00 ms.
Invoked RoslynAnalysisRunner static constructor.
RoslynAnalysisRunner will not be running.
RoslynAnalysisRunner has terminated.
Mono: successfully reloaded assembly
- Completed reload, in  1.137 seconds
Platform modules already initialized, skipping
Shader 'Universal Render Pipeline/Particles/Lit': fallback shader 'Universal Render Pipeline/Particles/SimpleLit' not found
Shader 'Universal Render Pipeline/Particles/Lit': fallback shader 'Universal Render Pipeline/Particles/SimpleLit' not found
Refreshing native plugins compatible for Editor in 0.42 ms, found 1 plugins.
Preloading 0 native plugins for Editor in 0.00 ms.
Unloading 2374 Unused Serialized files (Serialized files now loaded: 0)
System memory in use before: 181.2 MB.
System memory in use after: 178.2 MB.

Unloading 54 unused Assets to reduce memory usage. Loaded Objects now: 2795.
Total: 4.612719 ms (FindLiveObjects: 0.399572 ms CreateObjectMapping: 0.166772 ms MarkObjects: 1.833426 ms  DeleteObjects: 2.210156 ms)

========================================================================
Received Import Request.
  Time since last request: 65.379076 seconds.
  path: Assets/Prefabs/RightShreeder.prefab
  artifactKey: Guid(52ad6bcd3f6f9463fb1309e6a2fafeae) Importer(815301076,1909f56bfc062723c751e8b465ee728b)
Start importing Assets/Prefabs/RightShreeder.prefab using Guid(52ad6bcd3f6f9463fb1309e6a2fafeae) Importer(815301076,1909f56bfc062723c751e8b465ee728b)  -> (artifact id: 'dd5882e2411167e1d6277dc11ae72899') in 0.041358 seconds
  Import took 0.048657 seconds .

========================================================================
Received Import Request.
  Time since last request: 5.765115 seconds.
  path: Assets/Prefabs/ShredderBottom.prefab
  artifactKey: Guid(e6a5e81ff63c249ba87ecde4e695954e) Importer(815301076,1909f56bfc062723c751e8b465ee728b)
Start importing Assets/Prefabs/ShredderBottom.prefab using Guid(e6a5e81ff63c249ba87ecde4e695954e) Importer(815301076,1909f56bfc062723c751e8b465ee728b)  -> (artifact id: 'c0ac6638eff36e42ed1fb2b86f6b2eb6') in 0.005279 seconds
  Import took 0.011077 seconds .

========================================================================
Received Import Request.
  Time since last request: 0.025494 seconds.
  path: Assets/Prefabs/ShredderBottom.prefab
  artifactKey: Guid(e6a5e81ff63c249ba87ecde4e695954e) Importer(815301076,1909f56bfc062723c751e8b465ee728b)
Start importing Assets/Prefabs/ShredderBottom.prefab using Guid(e6a5e81ff63c249ba87ecde4e695954e) Importer(815301076,1909f56bfc062723c751e8b465ee728b)  -> (artifact id: 'c0ac6638eff36e42ed1fb2b86f6b2eb6') in 0.011537 seconds
  Import took 0.021095 seconds .

========================================================================
Received Prepare
Registering precompiled user dll's ...
Registered in 0.000949 seconds.
Begin MonoManager ReloadAssembly
Native extension for WindowsStandalone target not found
Native extension for OSXStandalone target not found
Native extension for WebGL target not found
Refreshing native plugins compatible for Editor in 0.41 ms, found 1 plugins.
Preloading 0 native plugins for Editor in 0.00 ms.
Invoked RoslynAnalysisRunner static constructor.
RoslynAnalysisRunner will not be running.
RoslynAnalysisRunner has terminated.
Mono: successfully reloaded assembly
- Completed reload, in  1.101 seconds
Platform modules already initialized, skipping
Shader 'Universal Render Pipeline/Particles/Lit': fallback shader 'Universal Render Pipeline/Particles/SimpleLit' not found
Shader 'Universal Render Pipeline/Particles/Lit': fallback shader 'Universal Render Pipeline/Particles/SimpleLit' not found
Refreshing native plugins compatible for Editor in 0.57 ms, found 1 plugins.
Preloading 0 native plugins for Editor in 0.00 ms.
Unloading 2374 Unused Serialized files (Serialized files now loaded: 0)
System memory in use before: 182.5 MB.
System memory in use after: 179.5 MB.

Unloading 54 unused Assets to reduce memory usage. Loaded Objects now: 2797.
Total: 6.003105 ms (FindLiveObjects: 0.609197 ms CreateObjectMapping: 0.160572 ms MarkObjects: 2.520668 ms  DeleteObjects: 2.710365 ms)

========================================================================
Received Prepare
Registering precompiled user dll's ...
Registered in 0.000914 seconds.
Begin MonoManager ReloadAssembly
Native extension for WindowsStandalone target not found
Native extension for OSXStandalone target not found
Native extension for WebGL target not found
Refreshing native plugins compatible for Editor in 0.49 ms, found 1 plugins.
Preloading 0 native plugins for Editor in 0.00 ms.
Invoked RoslynAnalysisRunner static constructor.
RoslynAnalysisRunner will not be running.
RoslynAnalysisRunner has terminated.
Mono: successfully reloaded assembly
- Completed reload, in  1.038 seconds
Platform modules already initialized, skipping
Shader 'Universal Render Pipeline/Particles/Lit': fallback shader 'Universal Render Pipeline/Particles/SimpleLit' not found
Shader 'Universal Render Pipeline/Particles/Lit': fallback shader 'Universal Render Pipeline/Particles/SimpleLit' not found
Refreshing native plugins compatible for Editor in 0.44 ms, found 1 plugins.
Preloading 0 native plugins for Editor in 0.00 ms.
Unloading 2374 Unused Serialized files (Serialized files now loaded: 0)
System memory in use before: 182.7 MB.
System memory in use after: 179.7 MB.

Unloading 54 unused Assets to reduce memory usage. Loaded Objects now: 2799.
Total: 6.283961 ms (FindLiveObjects: 0.779026 ms CreateObjectMapping: 0.268746 ms MarkObjects: 2.445395 ms  DeleteObjects: 2.788032 ms)

========================================================================
Received Import Request.
  Time since last request: 734.829009 seconds.
  path: Assets/Prefabs/RightShredder.prefab
  artifactKey: Guid(1fae5dd7ad78245d78a4216f28411217) Importer(815301076,1909f56bfc062723c751e8b465ee728b)
Start importing Assets/Prefabs/RightShredder.prefab using Guid(1fae5dd7ad78245d78a4216f28411217) Importer(815301076,1909f56bfc062723c751e8b465ee728b)  -> (artifact id: '8b3c7638da335451b5427f8f296d108f') in 0.030051 seconds
  Import took 0.037263 seconds .

========================================================================
Received Prepare
Registering precompiled user dll's ...
Registered in 0.000932 seconds.
Begin MonoManager ReloadAssembly
Native extension for WindowsStandalone target not found
Native extension for OSXStandalone target not found
Native extension for WebGL target not found
Refreshing native plugins compatible for Editor in 0.42 ms, found 1 plugins.
Preloading 0 native plugins for Editor in 0.00 ms.
Invoked RoslynAnalysisRunner static constructor.
RoslynAnalysisRunner will not be running.
RoslynAnalysisRunner has terminated.
Mono: successfully reloaded assembly
- Completed reload, in  1.149 seconds
Platform modules already initialized, skipping
Shader 'Universal Render Pipeline/Particles/Lit': fallback shader 'Universal Render Pipeline/Particles/SimpleLit' not found
Shader 'Universal Render Pipeline/Particles/Lit': fallback shader 'Universal Render Pipeline/Particles/SimpleLit' not found
Refreshing native plugins compatible for Editor in 0.48 ms, found 1 plugins.
Preloading 0 native plugins for Editor in 0.00 ms.
Unloading 2374 Unused Serialized files (Serialized files now loaded: 0)
System memory in use before: 183.0 MB.
System memory in use after: 180.0 MB.

Unloading 54 unused Assets to reduce memory usage. Loaded Objects now: 2801.
Total: 4.320091 ms (FindLiveObjects: 0.270751 ms CreateObjectMapping: 0.114747 ms MarkObjects: 1.671662 ms  DeleteObjects: 2.261460 ms)

========================================================================
Received Import Request.
  Time since last request: 96.145452 seconds.
  path: Assets/Prefabs/Enemy.prefab
  artifactKey: Guid(c3b77266ea0668e4289e92aa866a25ed) Importer(815301076,1909f56bfc062723c751e8b465ee728b)
Start importing Assets/Prefabs/Enemy.prefab using Guid(c3b77266ea0668e4289e92aa866a25ed) Importer(815301076,1909f56bfc062723c751e8b465ee728b)  -> (artifact id: '3201aa8771486afe196e42e06d3faccf') in 0.100241 seconds
  Import took 0.104727 seconds .

========================================================================
Received Import Request.
  Time since last request: 1.913491 seconds.
  path: Assets/Prefabs/Enemy.prefab
  artifactKey: Guid(c3b77266ea0668e4289e92aa866a25ed) Importer(815301076,1909f56bfc062723c751e8b465ee728b)
Start importing Assets/Prefabs/Enemy.prefab using Guid(c3b77266ea0668e4289e92aa866a25ed) Importer(815301076,1909f56bfc062723c751e8b465ee728b)  -> (artifact id: '3201aa8771486afe196e42e06d3faccf') in 0.011584 seconds
  Import took 0.016361 seconds .

========================================================================
Received Prepare
Registering precompiled user dll's ...
Registered in 0.000816 seconds.
Begin MonoManager ReloadAssembly
Native extension for WindowsStandalone target not found
Native extension for OSXStandalone target not found
Native extension for WebGL target not found
Refreshing native plugins compatible for Editor in 0.45 ms, found 1 plugins.
Preloading 0 native plugins for Editor in 0.00 ms.
Invoked RoslynAnalysisRunner static constructor.
RoslynAnalysisRunner will not be running.
RoslynAnalysisRunner has terminated.
Mono: successfully reloaded assembly
- Completed reload, in  1.056 seconds
Platform modules already initialized, skipping
Shader 'Universal Render Pipeline/Particles/Lit': fallback shader 'Universal Render Pipeline/Particles/SimpleLit' not found
Shader 'Universal Render Pipeline/Particles/Lit': fallback shader 'Universal Render Pipeline/Particles/SimpleLit' not found
Refreshing native plugins compatible for Editor in 0.47 ms, found 1 plugins.
Preloading 0 native plugins for Editor in 0.00 ms.
Unloading 2374 Unused Serialized files (Serialized files now loaded: 0)
System memory in use before: 186.5 MB.
System memory in use after: 183.5 MB.

Unloading 54 unused Assets to reduce memory usage. Loaded Objects now: 2812.
Total: 4.156920 ms (FindLiveObjects: 0.356426 ms CreateObjectMapping: 0.124761 ms MarkObjects: 1.776286 ms  DeleteObjects: 1.898366 ms)

========================================================================
Received Import Request.
  Time since last request: 49.789665 seconds.
  path: Assets/Prefabs/Enemy.prefab
  artifactKey: Guid(c3b77266ea0668e4289e92aa866a25ed) Importer(815301076,1909f56bfc062723c751e8b465ee728b)
Start importing Assets/Prefabs/Enemy.prefab using Guid(c3b77266ea0668e4289e92aa866a25ed) Importer(815301076,1909f56bfc062723c751e8b465ee728b)  -> (artifact id: '12713c252158465c535cdffe35d280c0') in 0.063403 seconds
  Import took 0.068569 seconds .

========================================================================
Received Import Request.
  Time since last request: 2.056688 seconds.
  path: Assets/Prefabs/Enemy.prefab
  artifactKey: Guid(c3b77266ea0668e4289e92aa866a25ed) Importer(815301076,1909f56bfc062723c751e8b465ee728b)
Start importing Assets/Prefabs/Enemy.prefab using Guid(c3b77266ea0668e4289e92aa866a25ed) Importer(815301076,1909f56bfc062723c751e8b465ee728b)  -> (artifact id: '12713c252158465c535cdffe35d280c0') in 0.007472 seconds
  Import took 0.012053 seconds .

========================================================================
Received Prepare
Registering precompiled user dll's ...
Registered in 0.000766 seconds.
Begin MonoManager ReloadAssembly
Native extension for WindowsStandalone target not found
Native extension for OSXStandalone target not found
Native extension for WebGL target not found
Refreshing native plugins compatible for Editor in 0.49 ms, found 1 plugins.
Preloading 0 native plugins for Editor in 0.00 ms.
Invoked RoslynAnalysisRunner static constructor.
RoslynAnalysisRunner will not be running.
RoslynAnalysisRunner has terminated.
Mono: successfully reloaded assembly
- Completed reload, in  1.040 seconds
Platform modules already initialized, skipping
Shader 'Universal Render Pipeline/Particles/Lit': fallback shader 'Universal Render Pipeline/Particles/SimpleLit' not found
Shader 'Universal Render Pipeline/Particles/Lit': fallback shader 'Universal Render Pipeline/Particles/SimpleLit' not found
Refreshing native plugins compatible for Editor in 0.48 ms, found 1 plugins.
Preloading 0 native plugins for Editor in 0.00 ms.
Unloading 2374 Unused Serialized files (Serialized files now loaded: 0)
System memory in use before: 186.9 MB.
System memory in use after: 183.9 MB.

Unloading 54 unused Assets to reduce memory usage. Loaded Objects now: 2815.
Total: 6.025221 ms (FindLiveObjects: 0.414812 ms CreateObjectMapping: 0.237399 ms MarkObjects: 2.459770 ms  DeleteObjects: 2.911182 ms)

========================================================================
Received Prepare
Registering precompiled user dll's ...
Registered in 0.000941 seconds.
Begin MonoManager ReloadAssembly
Native extension for WindowsStandalone target not found
Native extension for OSXStandalone target not found
Native extension for WebGL target not found
Refreshing native plugins compatible for Editor in 0.45 ms, found 1 plugins.
Preloading 0 native plugins for Editor in 0.00 ms.
Invoked RoslynAnalysisRunner static constructor.
RoslynAnalysisRunner will not be running.
RoslynAnalysisRunner has terminated.
Mono: successfully reloaded assembly
- Completed reload, in  1.032 seconds
Platform modules already initialized, skipping
Shader 'Universal Render Pipeline/Particles/Lit': fallback shader 'Universal Render Pipeline/Particles/SimpleLit' not found
Shader 'Universal Render Pipeline/Particles/Lit': fallback shader 'Universal Render Pipeline/Particles/SimpleLit' not found
Refreshing native plugins compatible for Editor in 0.73 ms, found 1 plugins.
Preloading 0 native plugins for Editor in 0.00 ms.
Unloading 2374 Unused Serialized files (Serialized files now loaded: 0)
System memory in use before: 187.1 MB.
System memory in use after: 184.0 MB.

Unloading 54 unused Assets to reduce memory usage. Loaded Objects now: 2817.
Total: 4.372721 ms (FindLiveObjects: 0.279765 ms CreateObjectMapping: 0.122575 ms MarkObjects: 1.902454 ms  DeleteObjects: 2.066202 ms)

========================================================================
Received Prepare
Registering precompiled user dll's ...
Registered in 0.001018 seconds.
Begin MonoManager ReloadAssembly
Native extension for WindowsStandalone target not found
Native extension for OSXStandalone target not found
Native extension for WebGL target not found
Refreshing native plugins compatible for Editor in 0.49 ms, found 1 plugins.
Preloading 0 native plugins for Editor in 0.00 ms.
Invoked RoslynAnalysisRunner static constructor.
RoslynAnalysisRunner will not be running.
RoslynAnalysisRunner has terminated.
Mono: successfully reloaded assembly
- Completed reload, in  1.035 seconds
Platform modules already initialized, skipping
Shader 'Universal Render Pipeline/Particles/Lit': fallback shader 'Universal Render Pipeline/Particles/SimpleLit' not found
Shader 'Universal Render Pipeline/Particles/Lit': fallback shader 'Universal Render Pipeline/Particles/SimpleLit' not found
Refreshing native plugins compatible for Editor in 0.41 ms, found 1 plugins.
Preloading 0 native plugins for Editor in 0.00 ms.
Unloading 2374 Unused Serialized files (Serialized files now loaded: 0)
System memory in use before: 187.3 MB.
System memory in use after: 184.3 MB.

Unloading 54 unused Assets to reduce memory usage. Loaded Objects now: 2819.
Total: 5.750062 ms (FindLiveObjects: 0.480722 ms CreateObjectMapping: 0.163898 ms MarkObjects: 2.507617 ms  DeleteObjects: 2.593275 ms)

========================================================================
Received Prepare
Registering precompiled user dll's ...
Registered in 0.000872 seconds.
Begin MonoManager ReloadAssembly
Native extension for WindowsStandalone target not found
Native extension for OSXStandalone target not found
Native extension for WebGL target not found
Refreshing native plugins compatible for Editor in 0.49 ms, found 1 plugins.
Preloading 0 native plugins for Editor in 0.00 ms.
Invoked RoslynAnalysisRunner static constructor.
RoslynAnalysisRunner will not be running.
RoslynAnalysisRunner has terminated.
Mono: successfully reloaded assembly
- Completed reload, in  1.044 seconds
Platform modules already initialized, skipping
Shader 'Universal Render Pipeline/Particles/Lit': fallback shader 'Universal Render Pipeline/Particles/SimpleLit' not found
Shader 'Universal Render Pipeline/Particles/Lit': fallback shader 'Universal Render Pipeline/Particles/SimpleLit' not found
Refreshing native plugins compatible for Editor in 0.58 ms, found 1 plugins.
Preloading 0 native plugins for Editor in 0.00 ms.
Unloading 2374 Unused Serialized files (Serialized files now loaded: 0)
System memory in use before: 187.5 MB.
System memory in use after: 184.5 MB.

Unloading 54 unused Assets to reduce memory usage. Loaded Objects now: 2821.
Total: 6.119047 ms (FindLiveObjects: 0.541203 ms CreateObjectMapping: 0.178344 ms MarkObjects: 2.608757 ms  DeleteObjects: 2.788605 ms)

AssetImportWorkerClient::OnTransportError - code=2 error=End of file
